#! /usr/bin/vvp
:ivl_version "11.0 (stable)";
:ivl_delay_selection "TYPICAL";
:vpi_time_precision - 12;
:vpi_module "/usr/lib/x86_64-linux-gnu/ivl/system.vpi";
:vpi_module "/usr/lib/x86_64-linux-gnu/ivl/vhdl_sys.vpi";
:vpi_module "/usr/lib/x86_64-linux-gnu/ivl/vhdl_textio.vpi";
:vpi_module "/usr/lib/x86_64-linux-gnu/ivl/v2005_math.vpi";
:vpi_module "/usr/lib/x86_64-linux-gnu/ivl/va_math.vpi";
S_0x59769f3cab90 .scope module, "bin2bcd_TB" "bin2bcd_TB" 2 3;
 .timescale -9 -12;
P_0x59769f3c7860 .param/real "DUTY_CYCLE" 0 2 15, Cr<m4000000000000000gfc1>; value=0.500000
P_0x59769f3c78a0 .param/l "OFFSET" 0 2 16, +C4<00000000000000000000000000000000>;
P_0x59769f3c78e0 .param/l "PERIOD" 0 2 14, +C4<00000000000000000000000000010100>;
v0x59769f3ee2e0_0 .var "A", 15 0;
L_0x798ff36522e8 .functor BUFT 1, C4<0000000000000>, C4<0>, C4<0>, C4<0>;
v0x59769f3ee410_0 .net *"_ivl_3", 12 0, L_0x798ff36522e8;  1 drivers
v0x59769f3ee4f0_0 .var "clk", 0 0;
v0x59769f3ee590_0 .net "done", 0 0, v0x59769f3e8930_0;  1 drivers
v0x59769f3ee680_0 .var "i", 20 0;
v0x59769f3ee790_0 .net "result", 32 0, L_0x59769f3f0330;  1 drivers
v0x59769f3ee870_0 .var "rst", 0 0;
v0x59769f3ee960_0 .var "start", 0 0;
L_0x59769f3f0330 .concat [ 20 13 0 0], L_0x59769f3ef0f0, L_0x798ff36522e8;
S_0x59769f38e230 .scope begin, "TEST_CASE" "TEST_CASE" 2 48, 2 48 0, S_0x59769f3cab90;
 .timescale -9 -12;
S_0x59769f38e410 .scope module, "uut" "bin2bcd" 2 10, 3 1 0, S_0x59769f3cab90;
 .timescale -9 -12;
    .port_info 0 /INPUT 1 "clk";
    .port_info 1 /INPUT 1 "rst";
    .port_info 2 /INPUT 1 "init";
    .port_info 3 /INPUT 16 "A";
    .port_info 4 /OUTPUT 20 "result";
    .port_info 5 /OUTPUT 1 "done";
v0x59769f3ecd20_0 .net "A", 15 0, v0x59769f3ee2e0_0;  1 drivers
v0x59769f3ece30_0 .net *"_ivl_1", 0 0, L_0x59769f3eea50;  1 drivers
v0x59769f3ecef0_0 .net *"_ivl_3", 0 0, L_0x59769f3eeb40;  1 drivers
v0x59769f3ecfe0_0 .net *"_ivl_5", 0 0, L_0x59769f3eebe0;  1 drivers
v0x59769f3ed0c0_0 .net *"_ivl_7", 0 0, L_0x59769f3eed10;  1 drivers
v0x59769f3ed1f0_0 .net *"_ivl_9", 0 0, L_0x59769f3eede0;  1 drivers
v0x59769f3ed2d0_0 .net "clk", 0 0, v0x59769f3ee4f0_0;  1 drivers
v0x59769f3ed400_0 .net "done", 0 0, v0x59769f3e8930_0;  alias, 1 drivers
v0x59769f3ed4a0_0 .net "init", 0 0, v0x59769f3ee960_0;  1 drivers
v0x59769f3ed600_0 .net "result", 19 0, L_0x59769f3ef0f0;  1 drivers
v0x59769f3ed6a0_0 .net "rst", 0 0, v0x59769f3ee870_0;  1 drivers
v0x59769f3ed770_0 .net "w_LD", 4 0, v0x59769f3ecaf0_0;  1 drivers
v0x59769f3ed810_0 .net "w_MSB", 4 0, L_0x59769f3eee80;  1 drivers
v0x59769f3ed8d0_0 .net "w_MUX", 19 0, L_0x59769f3ef9b0;  1 drivers
v0x59769f3ed990_0 .net "w_add", 0 0, v0x59769f3e86a0_0;  1 drivers
v0x59769f3eda30_0 .net "w_cen", 3 0, L_0x59769f3ef5e0;  1 drivers
v0x59769f3edaf0_0 .net "w_dec", 3 0, L_0x59769f3ef770;  1 drivers
v0x59769f3edbc0_0 .net "w_dmi", 3 0, L_0x59769f3ef400;  1 drivers
v0x59769f3edc90_0 .net "w_ld", 0 0, v0x59769f3e8b00_0;  1 drivers
v0x59769f3edd30_0 .net "w_ld_in", 19 0, L_0x59769f3f0160;  1 drivers
v0x59769f3ede00_0 .net "w_ld_msb", 0 0, v0x59769f3e8bc0_0;  1 drivers
v0x59769f3edea0_0 .net "w_sel", 0 0, v0x59769f3e8d40_0;  1 drivers
v0x59769f3edf40_0 .net "w_sh", 0 0, v0x59769f3e8e00_0;  1 drivers
v0x59769f3edfe0_0 .net "w_umi", 3 0, L_0x59769f3ef540;  1 drivers
v0x59769f3ee080_0 .net "w_uni", 3 0, L_0x59769f3ef810;  1 drivers
v0x59769f3ee150_0 .net "w_z", 0 0, v0x59769f3e9870_0;  1 drivers
L_0x59769f3eea50 .part L_0x59769f3f0160, 19, 1;
L_0x59769f3eeb40 .part L_0x59769f3f0160, 15, 1;
L_0x59769f3eebe0 .part L_0x59769f3f0160, 11, 1;
L_0x59769f3eed10 .part L_0x59769f3f0160, 7, 1;
L_0x59769f3eede0 .part L_0x59769f3f0160, 3, 1;
LS_0x59769f3eee80_0_0 .concat [ 1 1 1 1], L_0x59769f3eede0, L_0x59769f3eed10, L_0x59769f3eebe0, L_0x59769f3eeb40;
LS_0x59769f3eee80_0_4 .concat [ 1 0 0 0], L_0x59769f3eea50;
L_0x59769f3eee80 .concat [ 4 1 0 0], LS_0x59769f3eee80_0_0, LS_0x59769f3eee80_0_4;
LS_0x59769f3ef0f0_0_0 .concat [ 4 4 4 4], L_0x59769f3ef810, L_0x59769f3ef770, L_0x59769f3ef5e0, L_0x59769f3ef540;
LS_0x59769f3ef0f0_0_4 .concat [ 4 0 0 0], L_0x59769f3ef400;
L_0x59769f3ef0f0 .concat [ 16 4 0 0], LS_0x59769f3ef0f0_0_0, LS_0x59769f3ef0f0_0_4;
L_0x59769f3ef400 .part L_0x59769f3ef360, 16, 4;
L_0x59769f3ef540 .part L_0x59769f3ef360, 12, 4;
L_0x59769f3ef5e0 .part L_0x59769f3ef360, 8, 4;
L_0x59769f3ef770 .part L_0x59769f3ef360, 4, 4;
L_0x59769f3ef810 .part L_0x59769f3ef360, 0, 4;
LS_0x59769f3ef9b0_0_0 .concat8 [ 4 4 4 4], v0x59769f3ea850_0, v0x59769f3eae00_0, v0x59769f3eb4a0_0, v0x59769f3ebb20_0;
LS_0x59769f3ef9b0_0_4 .concat8 [ 4 0 0 0], v0x59769f3ec150_0;
L_0x59769f3ef9b0 .concat8 [ 16 4 0 0], LS_0x59769f3ef9b0_0_0, LS_0x59769f3ef9b0_0_4;
L_0x59769f3efb40 .part L_0x59769f3ef9b0, 0, 4;
L_0x59769f3efc90 .part L_0x59769f3ef9b0, 4, 4;
L_0x59769f3efd30 .part L_0x59769f3ef9b0, 8, 4;
L_0x59769f3eff20 .part L_0x59769f3ef9b0, 12, 4;
L_0x59769f3efff0 .part L_0x59769f3ef9b0, 16, 4;
LS_0x59769f3f0160_0_0 .concat8 [ 4 4 4 4], v0x59769f3cc700_0, v0x59769f3bf680_0, v0x59769f3e70e0_0, v0x59769f3e76a0_0;
LS_0x59769f3f0160_0_4 .concat8 [ 4 0 0 0], v0x59769f3e7cb0_0;
L_0x59769f3f0160 .concat8 [ 16 4 0 0], LS_0x59769f3f0160_0_0, LS_0x59769f3f0160_0_4;
S_0x59769f399000 .scope module, "comp0" "add_sub_c2" 3 36, 4 1 0, S_0x59769f38e410;
 .timescale -9 -12;
    .port_info 0 /INPUT 4 "in_A";
    .port_info 1 /INPUT 4 "in_B";
    .port_info 2 /OUTPUT 4 "Result";
v0x59769f3cc700_0 .var "Result", 3 0;
v0x59769f3ccb40_0 .net "in_A", 3 0, L_0x59769f3ef810;  alias, 1 drivers
v0x59769f3cd410_0 .net "in_B", 3 0, L_0x59769f3efb40;  1 drivers
E_0x59769f371cb0 .event edge, v0x59769f3ccb40_0, v0x59769f3cd410_0;
S_0x59769f3e6ae0 .scope module, "comp1" "add_sub_c2" 3 37, 4 1 0, S_0x59769f38e410;
 .timescale -9 -12;
    .port_info 0 /INPUT 4 "in_A";
    .port_info 1 /INPUT 4 "in_B";
    .port_info 2 /OUTPUT 4 "Result";
v0x59769f3bf680_0 .var "Result", 3 0;
v0x59769f3b70f0_0 .net "in_A", 3 0, L_0x59769f3ef770;  alias, 1 drivers
v0x59769f3c6840_0 .net "in_B", 3 0, L_0x59769f3efc90;  1 drivers
E_0x59769f3cdc10 .event edge, v0x59769f3b70f0_0, v0x59769f3c6840_0;
S_0x59769f3e6e90 .scope module, "comp2" "add_sub_c2" 3 38, 4 1 0, S_0x59769f38e410;
 .timescale -9 -12;
    .port_info 0 /INPUT 4 "in_A";
    .port_info 1 /INPUT 4 "in_B";
    .port_info 2 /OUTPUT 4 "Result";
v0x59769f3e70e0_0 .var "Result", 3 0;
v0x59769f3e71e0_0 .net "in_A", 3 0, L_0x59769f3ef5e0;  alias, 1 drivers
v0x59769f3e72c0_0 .net "in_B", 3 0, L_0x59769f3efd30;  1 drivers
E_0x59769f3cdcf0 .event edge, v0x59769f3e71e0_0, v0x59769f3e72c0_0;
S_0x59769f3e7430 .scope module, "comp3" "add_sub_c2" 3 39, 4 1 0, S_0x59769f38e410;
 .timescale -9 -12;
    .port_info 0 /INPUT 4 "in_A";
    .port_info 1 /INPUT 4 "in_B";
    .port_info 2 /OUTPUT 4 "Result";
v0x59769f3e76a0_0 .var "Result", 3 0;
v0x59769f3e77a0_0 .net "in_A", 3 0, L_0x59769f3ef540;  alias, 1 drivers
v0x59769f3e7880_0 .net "in_B", 3 0, L_0x59769f3eff20;  1 drivers
E_0x59769f3cdb00 .event edge, v0x59769f3e77a0_0, v0x59769f3e7880_0;
S_0x59769f3e79f0 .scope module, "comp4" "add_sub_c2" 3 40, 4 1 0, S_0x59769f38e410;
 .timescale -9 -12;
    .port_info 0 /INPUT 4 "in_A";
    .port_info 1 /INPUT 4 "in_B";
    .port_info 2 /OUTPUT 4 "Result";
v0x59769f3e7cb0_0 .var "Result", 3 0;
v0x59769f3e7db0_0 .net "in_A", 3 0, L_0x59769f3ef400;  alias, 1 drivers
v0x59769f3e7e90_0 .net "in_B", 3 0, L_0x59769f3efff0;  1 drivers
E_0x59769f3cde90 .event edge, v0x59769f3e7db0_0, v0x59769f3e7e90_0;
S_0x59769f3e7fd0 .scope module, "control0" "ctrl_b2b" 3 44, 5 1 0, S_0x59769f38e410;
 .timescale -9 -12;
    .port_info 0 /INPUT 1 "clk";
    .port_info 1 /INPUT 1 "rst";
    .port_info 2 /INPUT 1 "init";
    .port_info 3 /OUTPUT 1 "done";
    .port_info 4 /OUTPUT 1 "sh";
    .port_info 5 /OUTPUT 1 "ld";
    .port_info 6 /OUTPUT 1 "sel";
    .port_info 7 /OUTPUT 1 "ld_msb";
    .port_info 8 /OUTPUT 1 "add";
    .port_info 9 /INPUT 1 "z";
P_0x59769f3e81b0 .param/l "ADD" 0 5 17, C4<011>;
P_0x59769f3e81f0 .param/l "CHECK" 0 5 15, C4<001>;
P_0x59769f3e8230 .param/l "END1" 0 5 19, C4<101>;
P_0x59769f3e8270 .param/l "LOAD_A2" 0 5 18, C4<100>;
P_0x59769f3e82b0 .param/l "SHIFT_DEC" 0 5 16, C4<010>;
P_0x59769f3e82f0 .param/l "START" 0 5 14, C4<000>;
v0x59769f3e86a0_0 .var "add", 0 0;
v0x59769f3e8780_0 .net "clk", 0 0, v0x59769f3ee4f0_0;  alias, 1 drivers
v0x59769f3e8840_0 .var "count", 5 0;
v0x59769f3e8930_0 .var "done", 0 0;
v0x59769f3e89f0_0 .net "init", 0 0, v0x59769f3ee960_0;  alias, 1 drivers
v0x59769f3e8b00_0 .var "ld", 0 0;
v0x59769f3e8bc0_0 .var "ld_msb", 0 0;
v0x59769f3e8c80_0 .net "rst", 0 0, v0x59769f3ee870_0;  alias, 1 drivers
v0x59769f3e8d40_0 .var "sel", 0 0;
v0x59769f3e8e00_0 .var "sh", 0 0;
v0x59769f3e8ec0_0 .var "state", 2 0;
v0x59769f3e8fa0_0 .var "state_name", 320 1;
v0x59769f3e9080_0 .net "z", 0 0, v0x59769f3e9870_0;  alias, 1 drivers
E_0x59769f3e85e0 .event edge, v0x59769f3e8ec0_0;
E_0x59769f3e8640 .event posedge, v0x59769f3e8780_0;
S_0x59769f3e92e0 .scope module, "count0" "cnt_bin2bcd" 3 43, 6 1 0, S_0x59769f38e410;
 .timescale -9 -12;
    .port_info 0 /INPUT 1 "clk";
    .port_info 1 /INPUT 1 "ld";
    .port_info 2 /INPUT 1 "dec";
    .port_info 3 /OUTPUT 1 "z";
v0x59769f3e94f0_0 .net "clk", 0 0, v0x59769f3ee4f0_0;  alias, 1 drivers
v0x59769f3e95e0_0 .var "cont", 4 0;
v0x59769f3e96a0_0 .net "dec", 0 0, v0x59769f3e8e00_0;  alias, 1 drivers
v0x59769f3e97a0_0 .net "ld", 0 0, v0x59769f3e8b00_0;  alias, 1 drivers
v0x59769f3e9870_0 .var "z", 0 0;
E_0x59769f3e9470 .event negedge, v0x59769f3e8780_0;
S_0x59769f3e9990 .scope module, "lsr40" "lsr4" 3 30, 7 1 0, S_0x59769f38e410;
 .timescale -9 -12;
    .port_info 0 /INPUT 1 "clk";
    .port_info 1 /INPUT 1 "rst_ld";
    .port_info 2 /INPUT 1 "shift";
    .port_info 3 /INPUT 5 "lda2";
    .port_info 4 /INPUT 16 "in_R1";
    .port_info 5 /INPUT 20 "in_R2";
    .port_info 6 /OUTPUT 20 "out_R";
v0x59769f3e9bb0_0 .net "clk", 0 0, v0x59769f3ee4f0_0;  alias, 1 drivers
v0x59769f3e9cc0_0 .var "data", 35 0;
v0x59769f3e9da0_0 .net "in_R1", 15 0, v0x59769f3ee2e0_0;  alias, 1 drivers
v0x59769f3e9e60_0 .net "in_R2", 19 0, L_0x59769f3f0160;  alias, 1 drivers
v0x59769f3e9f40_0 .net "lda2", 4 0, v0x59769f3ecaf0_0;  alias, 1 drivers
v0x59769f3ea070_0 .net "out_R", 19 0, L_0x59769f3ef360;  1 drivers
v0x59769f3ea150_0 .net "rst_ld", 0 0, v0x59769f3e8b00_0;  alias, 1 drivers
v0x59769f3ea240_0 .net "shift", 0 0, v0x59769f3e8e00_0;  alias, 1 drivers
L_0x59769f3ef360 .part v0x59769f3e9cc0_0, 16, 20;
S_0x59769f3ea450 .scope module, "mux0" "mux" 3 31, 8 1 0, S_0x59769f38e410;
 .timescale -9 -12;
    .port_info 0 /INPUT 4 "in1";
    .port_info 1 /INPUT 4 "in2";
    .port_info 2 /OUTPUT 4 "out";
    .port_info 3 /INPUT 1 "sel";
L_0x798ff3652018 .functor BUFT 1, C4<0011>, C4<0>, C4<0>, C4<0>;
v0x59769f3ea670_0 .net "in1", 3 0, L_0x798ff3652018;  1 drivers
L_0x798ff3652060 .functor BUFT 1, C4<1011>, C4<0>, C4<0>, C4<0>;
v0x59769f3ea770_0 .net "in2", 3 0, L_0x798ff3652060;  1 drivers
v0x59769f3ea850_0 .var "out", 3 0;
v0x59769f3ea910_0 .net "sel", 0 0, v0x59769f3e8d40_0;  alias, 1 drivers
E_0x59769f3e9b70 .event edge, v0x59769f3e8d40_0, v0x59769f3ea770_0, v0x59769f3ea670_0;
S_0x59769f3eaa10 .scope module, "mux1" "mux" 3 32, 8 1 0, S_0x59769f38e410;
 .timescale -9 -12;
    .port_info 0 /INPUT 4 "in1";
    .port_info 1 /INPUT 4 "in2";
    .port_info 2 /OUTPUT 4 "out";
    .port_info 3 /INPUT 1 "sel";
L_0x798ff36520a8 .functor BUFT 1, C4<0011>, C4<0>, C4<0>, C4<0>;
v0x59769f3eac20_0 .net "in1", 3 0, L_0x798ff36520a8;  1 drivers
L_0x798ff36520f0 .functor BUFT 1, C4<1011>, C4<0>, C4<0>, C4<0>;
v0x59769f3ead20_0 .net "in2", 3 0, L_0x798ff36520f0;  1 drivers
v0x59769f3eae00_0 .var "out", 3 0;
v0x59769f3eaef0_0 .net "sel", 0 0, v0x59769f3e8d40_0;  alias, 1 drivers
E_0x59769f3eaba0 .event edge, v0x59769f3e8d40_0, v0x59769f3ead20_0, v0x59769f3eac20_0;
S_0x59769f3eb060 .scope module, "mux2" "mux" 3 33, 8 1 0, S_0x59769f38e410;
 .timescale -9 -12;
    .port_info 0 /INPUT 4 "in1";
    .port_info 1 /INPUT 4 "in2";
    .port_info 2 /OUTPUT 4 "out";
    .port_info 3 /INPUT 1 "sel";
L_0x798ff3652138 .functor BUFT 1, C4<0011>, C4<0>, C4<0>, C4<0>;
v0x59769f3eb2c0_0 .net "in1", 3 0, L_0x798ff3652138;  1 drivers
L_0x798ff3652180 .functor BUFT 1, C4<1011>, C4<0>, C4<0>, C4<0>;
v0x59769f3eb3c0_0 .net "in2", 3 0, L_0x798ff3652180;  1 drivers
v0x59769f3eb4a0_0 .var "out", 3 0;
v0x59769f3eb590_0 .net "sel", 0 0, v0x59769f3e8d40_0;  alias, 1 drivers
E_0x59769f3eb240 .event edge, v0x59769f3e8d40_0, v0x59769f3eb3c0_0, v0x59769f3eb2c0_0;
S_0x59769f3eb6e0 .scope module, "mux3" "mux" 3 34, 8 1 0, S_0x59769f38e410;
 .timescale -9 -12;
    .port_info 0 /INPUT 4 "in1";
    .port_info 1 /INPUT 4 "in2";
    .port_info 2 /OUTPUT 4 "out";
    .port_info 3 /INPUT 1 "sel";
L_0x798ff36521c8 .functor BUFT 1, C4<0011>, C4<0>, C4<0>, C4<0>;
v0x59769f3eb940_0 .net "in1", 3 0, L_0x798ff36521c8;  1 drivers
L_0x798ff3652210 .functor BUFT 1, C4<1011>, C4<0>, C4<0>, C4<0>;
v0x59769f3eba40_0 .net "in2", 3 0, L_0x798ff3652210;  1 drivers
v0x59769f3ebb20_0 .var "out", 3 0;
v0x59769f3ebc10_0 .net "sel", 0 0, v0x59769f3e8d40_0;  alias, 1 drivers
E_0x59769f3eb8c0 .event edge, v0x59769f3e8d40_0, v0x59769f3eba40_0, v0x59769f3eb940_0;
S_0x59769f3ebd60 .scope module, "mux4" "mux" 3 35, 8 1 0, S_0x59769f38e410;
 .timescale -9 -12;
    .port_info 0 /INPUT 4 "in1";
    .port_info 1 /INPUT 4 "in2";
    .port_info 2 /OUTPUT 4 "out";
    .port_info 3 /INPUT 1 "sel";
L_0x798ff3652258 .functor BUFT 1, C4<0011>, C4<0>, C4<0>, C4<0>;
v0x59769f3ebf70_0 .net "in1", 3 0, L_0x798ff3652258;  1 drivers
L_0x798ff36522a0 .functor BUFT 1, C4<1011>, C4<0>, C4<0>, C4<0>;
v0x59769f3ec070_0 .net "in2", 3 0, L_0x798ff36522a0;  1 drivers
v0x59769f3ec150_0 .var "out", 3 0;
v0x59769f3ec240_0 .net "sel", 0 0, v0x59769f3e8d40_0;  alias, 1 drivers
E_0x59769f3ebef0 .event edge, v0x59769f3e8d40_0, v0x59769f3ec070_0, v0x59769f3ebf70_0;
S_0x59769f3ec390 .scope module, "reg0" "reg_msb" 3 41, 9 1 0, S_0x59769f38e410;
 .timescale -9 -12;
    .port_info 0 /INPUT 1 "clk";
    .port_info 1 /INPUT 1 "reset";
    .port_info 2 /INPUT 5 "in";
    .port_info 3 /OUTPUT 5 "out";
    .port_info 4 /INPUT 1 "ld";
    .port_info 5 /INPUT 1 "oe";
v0x59769f3ec6d0_0 .net "clk", 0 0, v0x59769f3ee4f0_0;  alias, 1 drivers
v0x59769f3ec790_0 .var "cont", 4 0;
v0x59769f3ec870_0 .net "in", 4 0, L_0x59769f3eee80;  alias, 1 drivers
v0x59769f3ec930_0 .net "ld", 0 0, v0x59769f3e8bc0_0;  alias, 1 drivers
v0x59769f3eca00_0 .net "oe", 0 0, v0x59769f3e86a0_0;  alias, 1 drivers
v0x59769f3ecaf0_0 .var "out", 4 0;
v0x59769f3ecbc0_0 .net "reset", 0 0, v0x59769f3e8b00_0;  alias, 1 drivers
E_0x59769f3ec650 .event edge, v0x59769f3e86a0_0, v0x59769f3ec790_0;
    .scope S_0x59769f3e9990;
T_0 ;
    %wait E_0x59769f3e9470;
    %load/vec4 v0x59769f3ea150_0;
    %flag_set/vec4 8;
    %jmp/0xz  T_0.0, 8;
    %pushi/vec4 0, 0, 20;
    %ix/load 4, 16, 0;
    %ix/load 5, 0, 0;
    %flag_set/imm 4, 0;
    %assign/vec4/off/d v0x59769f3e9cc0_0, 4, 5;
    %load/vec4 v0x59769f3e9da0_0;
    %ix/load 4, 0, 0;
    %ix/load 5, 0, 0;
    %flag_set/imm 4, 0;
    %assign/vec4/off/d v0x59769f3e9cc0_0, 4, 5;
    %jmp T_0.1;
T_0.0 ;
    %load/vec4 v0x59769f3ea240_0;
    %flag_set/vec4 8;
    %jmp/0xz  T_0.2, 8;
    %load/vec4 v0x59769f3e9cc0_0;
    %parti/s 35, 0, 2;
    %concati/vec4 0, 0, 1;
    %assign/vec4 v0x59769f3e9cc0_0, 0;
    %jmp T_0.3;
T_0.2 ;
    %load/vec4 v0x59769f3e9f40_0;
    %parti/s 1, 4, 4;
    %pad/u 32;
    %cmpi/e 1, 0, 32;
    %jmp/0xz  T_0.4, 4;
    %load/vec4 v0x59769f3e9e60_0;
    %parti/s 4, 16, 6;
    %ix/load 4, 32, 0;
    %ix/load 5, 0, 0;
    %flag_set/imm 4, 0;
    %assign/vec4/off/d v0x59769f3e9cc0_0, 4, 5;
T_0.4 ;
    %load/vec4 v0x59769f3e9f40_0;
    %parti/s 1, 3, 3;
    %pad/u 32;
    %cmpi/e 1, 0, 32;
    %jmp/0xz  T_0.6, 4;
    %load/vec4 v0x59769f3e9e60_0;
    %parti/s 4, 12, 5;
    %ix/load 4, 28, 0;
    %ix/load 5, 0, 0;
    %flag_set/imm 4, 0;
    %assign/vec4/off/d v0x59769f3e9cc0_0, 4, 5;
T_0.6 ;
    %load/vec4 v0x59769f3e9f40_0;
    %parti/s 1, 2, 3;
    %pad/u 32;
    %cmpi/e 1, 0, 32;
    %jmp/0xz  T_0.8, 4;
    %load/vec4 v0x59769f3e9e60_0;
    %parti/s 4, 8, 5;
    %ix/load 4, 24, 0;
    %ix/load 5, 0, 0;
    %flag_set/imm 4, 0;
    %assign/vec4/off/d v0x59769f3e9cc0_0, 4, 5;
T_0.8 ;
    %load/vec4 v0x59769f3e9f40_0;
    %parti/s 1, 1, 2;
    %pad/u 32;
    %cmpi/e 1, 0, 32;
    %jmp/0xz  T_0.10, 4;
    %load/vec4 v0x59769f3e9e60_0;
    %parti/s 4, 4, 4;
    %ix/load 4, 20, 0;
    %ix/load 5, 0, 0;
    %flag_set/imm 4, 0;
    %assign/vec4/off/d v0x59769f3e9cc0_0, 4, 5;
T_0.10 ;
    %load/vec4 v0x59769f3e9f40_0;
    %parti/s 1, 0, 2;
    %pad/u 32;
    %cmpi/e 1, 0, 32;
    %jmp/0xz  T_0.12, 4;
    %load/vec4 v0x59769f3e9e60_0;
    %parti/s 4, 0, 2;
    %ix/load 4, 16, 0;
    %ix/load 5, 0, 0;
    %flag_set/imm 4, 0;
    %assign/vec4/off/d v0x59769f3e9cc0_0, 4, 5;
T_0.12 ;
T_0.3 ;
T_0.1 ;
    %jmp T_0;
    .thread T_0;
    .scope S_0x59769f3ea450;
T_1 ;
    %wait E_0x59769f3e9b70;
    %load/vec4 v0x59769f3ea910_0;
    %flag_set/vec4 8;
    %jmp/0xz  T_1.0, 8;
    %load/vec4 v0x59769f3ea770_0;
    %store/vec4 v0x59769f3ea850_0, 0, 4;
    %jmp T_1.1;
T_1.0 ;
    %load/vec4 v0x59769f3ea670_0;
    %store/vec4 v0x59769f3ea850_0, 0, 4;
T_1.1 ;
    %jmp T_1;
    .thread T_1, $push;
    .scope S_0x59769f3eaa10;
T_2 ;
    %wait E_0x59769f3eaba0;
    %load/vec4 v0x59769f3eaef0_0;
    %flag_set/vec4 8;
    %jmp/0xz  T_2.0, 8;
    %load/vec4 v0x59769f3ead20_0;
    %store/vec4 v0x59769f3eae00_0, 0, 4;
    %jmp T_2.1;
T_2.0 ;
    %load/vec4 v0x59769f3eac20_0;
    %store/vec4 v0x59769f3eae00_0, 0, 4;
T_2.1 ;
    %jmp T_2;
    .thread T_2, $push;
    .scope S_0x59769f3eb060;
T_3 ;
    %wait E_0x59769f3eb240;
    %load/vec4 v0x59769f3eb590_0;
    %flag_set/vec4 8;
    %jmp/0xz  T_3.0, 8;
    %load/vec4 v0x59769f3eb3c0_0;
    %store/vec4 v0x59769f3eb4a0_0, 0, 4;
    %jmp T_3.1;
T_3.0 ;
    %load/vec4 v0x59769f3eb2c0_0;
    %store/vec4 v0x59769f3eb4a0_0, 0, 4;
T_3.1 ;
    %jmp T_3;
    .thread T_3, $push;
    .scope S_0x59769f3eb6e0;
T_4 ;
    %wait E_0x59769f3eb8c0;
    %load/vec4 v0x59769f3ebc10_0;
    %flag_set/vec4 8;
    %jmp/0xz  T_4.0, 8;
    %load/vec4 v0x59769f3eba40_0;
    %store/vec4 v0x59769f3ebb20_0, 0, 4;
    %jmp T_4.1;
T_4.0 ;
    %load/vec4 v0x59769f3eb940_0;
    %store/vec4 v0x59769f3ebb20_0, 0, 4;
T_4.1 ;
    %jmp T_4;
    .thread T_4, $push;
    .scope S_0x59769f3ebd60;
T_5 ;
    %wait E_0x59769f3ebef0;
    %load/vec4 v0x59769f3ec240_0;
    %flag_set/vec4 8;
    %jmp/0xz  T_5.0, 8;
    %load/vec4 v0x59769f3ec070_0;
    %store/vec4 v0x59769f3ec150_0, 0, 4;
    %jmp T_5.1;
T_5.0 ;
    %load/vec4 v0x59769f3ebf70_0;
    %store/vec4 v0x59769f3ec150_0, 0, 4;
T_5.1 ;
    %jmp T_5;
    .thread T_5, $push;
    .scope S_0x59769f399000;
T_6 ;
    %wait E_0x59769f371cb0;
    %load/vec4 v0x59769f3ccb40_0;
    %load/vec4 v0x59769f3cd410_0;
    %add;
    %store/vec4 v0x59769f3cc700_0, 0, 4;
    %jmp T_6;
    .thread T_6, $push;
    .scope S_0x59769f3e6ae0;
T_7 ;
    %wait E_0x59769f3cdc10;
    %load/vec4 v0x59769f3b70f0_0;
    %load/vec4 v0x59769f3c6840_0;
    %add;
    %store/vec4 v0x59769f3bf680_0, 0, 4;
    %jmp T_7;
    .thread T_7, $push;
    .scope S_0x59769f3e6e90;
T_8 ;
    %wait E_0x59769f3cdcf0;
    %load/vec4 v0x59769f3e71e0_0;
    %load/vec4 v0x59769f3e72c0_0;
    %add;
    %store/vec4 v0x59769f3e70e0_0, 0, 4;
    %jmp T_8;
    .thread T_8, $push;
    .scope S_0x59769f3e7430;
T_9 ;
    %wait E_0x59769f3cdb00;
    %load/vec4 v0x59769f3e77a0_0;
    %load/vec4 v0x59769f3e7880_0;
    %add;
    %store/vec4 v0x59769f3e76a0_0, 0, 4;
    %jmp T_9;
    .thread T_9, $push;
    .scope S_0x59769f3e79f0;
T_10 ;
    %wait E_0x59769f3cde90;
    %load/vec4 v0x59769f3e7db0_0;
    %load/vec4 v0x59769f3e7e90_0;
    %add;
    %store/vec4 v0x59769f3e7cb0_0, 0, 4;
    %jmp T_10;
    .thread T_10, $push;
    .scope S_0x59769f3ec390;
T_11 ;
    %wait E_0x59769f3ec650;
    %load/vec4 v0x59769f3eca00_0;
    %flag_set/vec4 8;
    %jmp/0xz  T_11.0, 8;
    %load/vec4 v0x59769f3ec790_0;
    %inv;
    %store/vec4 v0x59769f3ecaf0_0, 0, 5;
    %jmp T_11.1;
T_11.0 ;
    %pushi/vec4 0, 0, 5;
    %store/vec4 v0x59769f3ecaf0_0, 0, 5;
T_11.1 ;
    %jmp T_11;
    .thread T_11, $push;
    .scope S_0x59769f3ec390;
T_12 ;
    %wait E_0x59769f3e9470;
    %load/vec4 v0x59769f3ecbc0_0;
    %flag_set/vec4 8;
    %jmp/0xz  T_12.0, 8;
    %pushi/vec4 0, 0, 5;
    %assign/vec4 v0x59769f3ec790_0, 0;
    %jmp T_12.1;
T_12.0 ;
    %load/vec4 v0x59769f3ec930_0;
    %flag_set/vec4 8;
    %jmp/0xz  T_12.2, 8;
    %load/vec4 v0x59769f3ec870_0;
    %assign/vec4 v0x59769f3ec790_0, 0;
T_12.2 ;
T_12.1 ;
    %jmp T_12;
    .thread T_12;
    .scope S_0x59769f3e92e0;
T_13 ;
    %pushi/vec4 8, 0, 5;
    %store/vec4 v0x59769f3e95e0_0, 0, 5;
    %end;
    .thread T_13;
    .scope S_0x59769f3e92e0;
T_14 ;
    %wait E_0x59769f3e9470;
    %load/vec4 v0x59769f3e97a0_0;
    %flag_set/vec4 8;
    %jmp/0xz  T_14.0, 8;
    %pushi/vec4 16, 0, 5;
    %assign/vec4 v0x59769f3e95e0_0, 0;
    %jmp T_14.1;
T_14.0 ;
    %load/vec4 v0x59769f3e96a0_0;
    %flag_set/vec4 8;
    %jmp/0xz  T_14.2, 8;
    %load/vec4 v0x59769f3e95e0_0;
    %subi 1, 0, 5;
    %assign/vec4 v0x59769f3e95e0_0, 0;
    %jmp T_14.3;
T_14.2 ;
    %load/vec4 v0x59769f3e95e0_0;
    %assign/vec4 v0x59769f3e95e0_0, 0;
T_14.3 ;
T_14.1 ;
    %load/vec4 v0x59769f3e95e0_0;
    %pad/u 32;
    %cmpi/e 0, 0, 32;
    %flag_mov 8, 4;
    %jmp/0 T_14.4, 8;
    %pushi/vec4 1, 0, 2;
    %jmp/1 T_14.5, 8;
T_14.4 ; End of true expr.
    %pushi/vec4 0, 0, 2;
    %jmp/0 T_14.5, 8;
 ; End of false expr.
    %blend;
T_14.5;
    %pad/s 1;
    %store/vec4 v0x59769f3e9870_0, 0, 1;
    %jmp T_14;
    .thread T_14;
    .scope S_0x59769f3e7fd0;
T_15 ;
    %wait E_0x59769f3e8640;
    %load/vec4 v0x59769f3e8c80_0;
    %flag_set/vec4 8;
    %jmp/0xz  T_15.0, 8;
    %pushi/vec4 0, 0, 3;
    %store/vec4 v0x59769f3e8ec0_0, 0, 3;
    %pushi/vec4 0, 0, 6;
    %store/vec4 v0x59769f3e8840_0, 0, 6;
    %jmp T_15.1;
T_15.0 ;
    %load/vec4 v0x59769f3e8ec0_0;
    %dup/vec4;
    %pushi/vec4 0, 0, 3;
    %cmp/u;
    %jmp/1 T_15.2, 6;
    %dup/vec4;
    %pushi/vec4 2, 0, 3;
    %cmp/u;
    %jmp/1 T_15.3, 6;
    %dup/vec4;
    %pushi/vec4 1, 0, 3;
    %cmp/u;
    %jmp/1 T_15.4, 6;
    %dup/vec4;
    %pushi/vec4 4, 0, 3;
    %cmp/u;
    %jmp/1 T_15.5, 6;
    %dup/vec4;
    %pushi/vec4 3, 0, 3;
    %cmp/u;
    %jmp/1 T_15.6, 6;
    %dup/vec4;
    %pushi/vec4 5, 0, 3;
    %cmp/u;
    %jmp/1 T_15.7, 6;
    %pushi/vec4 0, 0, 3;
    %store/vec4 v0x59769f3e8ec0_0, 0, 3;
    %jmp T_15.9;
T_15.2 ;
    %pushi/vec4 0, 0, 6;
    %store/vec4 v0x59769f3e8840_0, 0, 6;
    %load/vec4 v0x59769f3e89f0_0;
    %flag_set/vec4 8;
    %jmp/0xz  T_15.10, 8;
    %pushi/vec4 2, 0, 3;
    %store/vec4 v0x59769f3e8ec0_0, 0, 3;
    %jmp T_15.11;
T_15.10 ;
    %pushi/vec4 0, 0, 3;
    %store/vec4 v0x59769f3e8ec0_0, 0, 3;
T_15.11 ;
    %jmp T_15.9;
T_15.3 ;
    %pushi/vec4 1, 0, 3;
    %store/vec4 v0x59769f3e8ec0_0, 0, 3;
    %jmp T_15.9;
T_15.4 ;
    %load/vec4 v0x59769f3e9080_0;
    %flag_set/vec4 8;
    %jmp/0xz  T_15.12, 8;
    %pushi/vec4 5, 0, 3;
    %store/vec4 v0x59769f3e8ec0_0, 0, 3;
    %jmp T_15.13;
T_15.12 ;
    %pushi/vec4 4, 0, 3;
    %store/vec4 v0x59769f3e8ec0_0, 0, 3;
T_15.13 ;
    %jmp T_15.9;
T_15.5 ;
    %pushi/vec4 3, 0, 3;
    %store/vec4 v0x59769f3e8ec0_0, 0, 3;
    %jmp T_15.9;
T_15.6 ;
    %pushi/vec4 2, 0, 3;
    %store/vec4 v0x59769f3e8ec0_0, 0, 3;
    %jmp T_15.9;
T_15.7 ;
    %load/vec4 v0x59769f3e8840_0;
    %addi 1, 0, 6;
    %store/vec4 v0x59769f3e8840_0, 0, 6;
    %load/vec4 v0x59769f3e8840_0;
    %pad/u 32;
    %cmpi/u 30, 0, 32;
    %flag_or 5, 4; GT is !LE
    %flag_inv 5;
    %flag_mov 8, 5;
    %jmp/0 T_15.14, 8;
    %pushi/vec4 0, 0, 3;
    %jmp/1 T_15.15, 8;
T_15.14 ; End of true expr.
    %pushi/vec4 5, 0, 3;
    %jmp/0 T_15.15, 8;
 ; End of false expr.
    %blend;
T_15.15;
    %store/vec4 v0x59769f3e8ec0_0, 0, 3;
    %jmp T_15.9;
T_15.9 ;
    %pop/vec4 1;
T_15.1 ;
    %jmp T_15;
    .thread T_15;
    .scope S_0x59769f3e7fd0;
T_16 ;
    %wait E_0x59769f3e85e0;
    %load/vec4 v0x59769f3e8ec0_0;
    %dup/vec4;
    %pushi/vec4 0, 0, 3;
    %cmp/u;
    %jmp/1 T_16.0, 6;
    %dup/vec4;
    %pushi/vec4 2, 0, 3;
    %cmp/u;
    %jmp/1 T_16.1, 6;
    %dup/vec4;
    %pushi/vec4 1, 0, 3;
    %cmp/u;
    %jmp/1 T_16.2, 6;
    %dup/vec4;
    %pushi/vec4 4, 0, 3;
    %cmp/u;
    %jmp/1 T_16.3, 6;
    %dup/vec4;
    %pushi/vec4 3, 0, 3;
    %cmp/u;
    %jmp/1 T_16.4, 6;
    %dup/vec4;
    %pushi/vec4 5, 0, 3;
    %cmp/u;
    %jmp/1 T_16.5, 6;
    %pushi/vec4 0, 0, 1;
    %store/vec4 v0x59769f3e8930_0, 0, 1;
    %pushi/vec4 0, 0, 1;
    %store/vec4 v0x59769f3e8bc0_0, 0, 1;
    %pushi/vec4 0, 0, 1;
    %store/vec4 v0x59769f3e8d40_0, 0, 1;
    %pushi/vec4 0, 0, 1;
    %store/vec4 v0x59769f3e8e00_0, 0, 1;
    %pushi/vec4 1, 0, 1;
    %store/vec4 v0x59769f3e8b00_0, 0, 1;
    %pushi/vec4 0, 0, 1;
    %store/vec4 v0x59769f3e86a0_0, 0, 1;
    %jmp T_16.7;
T_16.0 ;
    %pushi/vec4 0, 0, 1;
    %store/vec4 v0x59769f3e8930_0, 0, 1;
    %pushi/vec4 0, 0, 1;
    %store/vec4 v0x59769f3e8bc0_0, 0, 1;
    %pushi/vec4 0, 0, 1;
    %store/vec4 v0x59769f3e8d40_0, 0, 1;
    %pushi/vec4 0, 0, 1;
    %store/vec4 v0x59769f3e8e00_0, 0, 1;
    %pushi/vec4 1, 0, 1;
    %store/vec4 v0x59769f3e8b00_0, 0, 1;
    %pushi/vec4 0, 0, 1;
    %store/vec4 v0x59769f3e86a0_0, 0, 1;
    %jmp T_16.7;
T_16.1 ;
    %pushi/vec4 0, 0, 1;
    %store/vec4 v0x59769f3e8930_0, 0, 1;
    %pushi/vec4 1, 0, 1;
    %store/vec4 v0x59769f3e8bc0_0, 0, 1;
    %pushi/vec4 1, 0, 1;
    %store/vec4 v0x59769f3e8d40_0, 0, 1;
    %pushi/vec4 1, 0, 1;
    %store/vec4 v0x59769f3e8e00_0, 0, 1;
    %pushi/vec4 0, 0, 1;
    %store/vec4 v0x59769f3e8b00_0, 0, 1;
    %pushi/vec4 0, 0, 1;
    %store/vec4 v0x59769f3e86a0_0, 0, 1;
    %jmp T_16.7;
T_16.2 ;
    %pushi/vec4 0, 0, 1;
    %store/vec4 v0x59769f3e8930_0, 0, 1;
    %pushi/vec4 1, 0, 1;
    %store/vec4 v0x59769f3e8bc0_0, 0, 1;
    %pushi/vec4 1, 0, 1;
    %store/vec4 v0x59769f3e8d40_0, 0, 1;
    %pushi/vec4 0, 0, 1;
    %store/vec4 v0x59769f3e8e00_0, 0, 1;
    %pushi/vec4 0, 0, 1;
    %store/vec4 v0x59769f3e8b00_0, 0, 1;
    %pushi/vec4 0, 0, 1;
    %store/vec4 v0x59769f3e86a0_0, 0, 1;
    %jmp T_16.7;
T_16.3 ;
    %pushi/vec4 0, 0, 1;
    %store/vec4 v0x59769f3e8930_0, 0, 1;
    %pushi/vec4 0, 0, 1;
    %store/vec4 v0x59769f3e8bc0_0, 0, 1;
    %pushi/vec4 0, 0, 1;
    %store/vec4 v0x59769f3e8d40_0, 0, 1;
    %pushi/vec4 0, 0, 1;
    %store/vec4 v0x59769f3e8e00_0, 0, 1;
    %pushi/vec4 0, 0, 1;
    %store/vec4 v0x59769f3e8b00_0, 0, 1;
    %pushi/vec4 1, 0, 1;
    %store/vec4 v0x59769f3e86a0_0, 0, 1;
    %jmp T_16.7;
T_16.4 ;
    %pushi/vec4 0, 0, 1;
    %store/vec4 v0x59769f3e8930_0, 0, 1;
    %pushi/vec4 0, 0, 1;
    %store/vec4 v0x59769f3e8bc0_0, 0, 1;
    %pushi/vec4 0, 0, 1;
    %store/vec4 v0x59769f3e8d40_0, 0, 1;
    %pushi/vec4 0, 0, 1;
    %store/vec4 v0x59769f3e8e00_0, 0, 1;
    %pushi/vec4 0, 0, 1;
    %store/vec4 v0x59769f3e8b00_0, 0, 1;
    %pushi/vec4 0, 0, 1;
    %store/vec4 v0x59769f3e86a0_0, 0, 1;
    %jmp T_16.7;
T_16.5 ;
    %pushi/vec4 1, 0, 1;
    %store/vec4 v0x59769f3e8930_0, 0, 1;
    %pushi/vec4 0, 0, 1;
    %store/vec4 v0x59769f3e8bc0_0, 0, 1;
    %pushi/vec4 0, 0, 1;
    %store/vec4 v0x59769f3e8d40_0, 0, 1;
    %pushi/vec4 0, 0, 1;
    %store/vec4 v0x59769f3e8e00_0, 0, 1;
    %pushi/vec4 0, 0, 1;
    %store/vec4 v0x59769f3e8b00_0, 0, 1;
    %pushi/vec4 0, 0, 1;
    %store/vec4 v0x59769f3e86a0_0, 0, 1;
    %jmp T_16.7;
T_16.7 ;
    %pop/vec4 1;
    %jmp T_16;
    .thread T_16, $push;
    .scope S_0x59769f3e7fd0;
T_17 ;
    %wait E_0x59769f3e85e0;
    %load/vec4 v0x59769f3e8ec0_0;
    %dup/vec4;
    %pushi/vec4 0, 0, 3;
    %cmp/u;
    %jmp/1 T_17.0, 6;
    %dup/vec4;
    %pushi/vec4 1, 0, 3;
    %cmp/u;
    %jmp/1 T_17.1, 6;
    %dup/vec4;
    %pushi/vec4 2, 0, 3;
    %cmp/u;
    %jmp/1 T_17.2, 6;
    %dup/vec4;
    %pushi/vec4 3, 0, 3;
    %cmp/u;
    %jmp/1 T_17.3, 6;
    %dup/vec4;
    %pushi/vec4 4, 0, 3;
    %cmp/u;
    %jmp/1 T_17.4, 6;
    %dup/vec4;
    %pushi/vec4 5, 0, 3;
    %cmp/u;
    %jmp/1 T_17.5, 6;
    %jmp T_17.6;
T_17.0 ;
    %pushi/vec4 0, 0, 32; draw_string_vec4
    %pushi/vec4 0, 0, 32; draw_string_vec4
    %concat/vec4; draw_string_vec4
    %pushi/vec4 0, 0, 32; draw_string_vec4
    %concat/vec4; draw_string_vec4
    %pushi/vec4 0, 0, 32; draw_string_vec4
    %concat/vec4; draw_string_vec4
    %pushi/vec4 0, 0, 32; draw_string_vec4
    %concat/vec4; draw_string_vec4
    %pushi/vec4 0, 0, 32; draw_string_vec4
    %concat/vec4; draw_string_vec4
    %pushi/vec4 0, 0, 32; draw_string_vec4
    %concat/vec4; draw_string_vec4
    %pushi/vec4 0, 0, 32; draw_string_vec4
    %concat/vec4; draw_string_vec4
    %pushi/vec4 83, 0, 32; draw_string_vec4
    %concat/vec4; draw_string_vec4
    %pushi/vec4 1413567060, 0, 32; draw_string_vec4
    %concat/vec4; draw_string_vec4
    %store/vec4 v0x59769f3e8fa0_0, 0, 320;
    %jmp T_17.6;
T_17.1 ;
    %pushi/vec4 0, 0, 32; draw_string_vec4
    %pushi/vec4 0, 0, 32; draw_string_vec4
    %concat/vec4; draw_string_vec4
    %pushi/vec4 0, 0, 32; draw_string_vec4
    %concat/vec4; draw_string_vec4
    %pushi/vec4 0, 0, 32; draw_string_vec4
    %concat/vec4; draw_string_vec4
    %pushi/vec4 0, 0, 32; draw_string_vec4
    %concat/vec4; draw_string_vec4
    %pushi/vec4 0, 0, 32; draw_string_vec4
    %concat/vec4; draw_string_vec4
    %pushi/vec4 0, 0, 32; draw_string_vec4
    %concat/vec4; draw_string_vec4
    %pushi/vec4 0, 0, 32; draw_string_vec4
    %concat/vec4; draw_string_vec4
    %pushi/vec4 67, 0, 32; draw_string_vec4
    %concat/vec4; draw_string_vec4
    %pushi/vec4 1212498763, 0, 32; draw_string_vec4
    %concat/vec4; draw_string_vec4
    %store/vec4 v0x59769f3e8fa0_0, 0, 320;
    %jmp T_17.6;
T_17.2 ;
    %pushi/vec4 0, 0, 32; draw_string_vec4
    %pushi/vec4 0, 0, 32; draw_string_vec4
    %concat/vec4; draw_string_vec4
    %pushi/vec4 0, 0, 32; draw_string_vec4
    %concat/vec4; draw_string_vec4
    %pushi/vec4 0, 0, 32; draw_string_vec4
    %concat/vec4; draw_string_vec4
    %pushi/vec4 0, 0, 32; draw_string_vec4
    %concat/vec4; draw_string_vec4
    %pushi/vec4 0, 0, 32; draw_string_vec4
    %concat/vec4; draw_string_vec4
    %pushi/vec4 0, 0, 32; draw_string_vec4
    %concat/vec4; draw_string_vec4
    %pushi/vec4 83, 0, 32; draw_string_vec4
    %concat/vec4; draw_string_vec4
    %pushi/vec4 1212761684, 0, 32; draw_string_vec4
    %concat/vec4; draw_string_vec4
    %pushi/vec4 1598309699, 0, 32; draw_string_vec4
    %concat/vec4; draw_string_vec4
    %store/vec4 v0x59769f3e8fa0_0, 0, 320;
    %jmp T_17.6;
T_17.3 ;
    %pushi/vec4 0, 0, 32; draw_string_vec4
    %pushi/vec4 0, 0, 32; draw_string_vec4
    %concat/vec4; draw_string_vec4
    %pushi/vec4 0, 0, 32; draw_string_vec4
    %concat/vec4; draw_string_vec4
    %pushi/vec4 0, 0, 32; draw_string_vec4
    %concat/vec4; draw_string_vec4
    %pushi/vec4 0, 0, 32; draw_string_vec4
    %concat/vec4; draw_string_vec4
    %pushi/vec4 0, 0, 32; draw_string_vec4
    %concat/vec4; draw_string_vec4
    %pushi/vec4 0, 0, 32; draw_string_vec4
    %concat/vec4; draw_string_vec4
    %pushi/vec4 0, 0, 32; draw_string_vec4
    %concat/vec4; draw_string_vec4
    %pushi/vec4 0, 0, 32; draw_string_vec4
    %concat/vec4; draw_string_vec4
    %pushi/vec4 4277316, 0, 32; draw_string_vec4
    %concat/vec4; draw_string_vec4
    %store/vec4 v0x59769f3e8fa0_0, 0, 320;
    %jmp T_17.6;
T_17.4 ;
    %pushi/vec4 0, 0, 32; draw_string_vec4
    %pushi/vec4 0, 0, 32; draw_string_vec4
    %concat/vec4; draw_string_vec4
    %pushi/vec4 0, 0, 32; draw_string_vec4
    %concat/vec4; draw_string_vec4
    %pushi/vec4 0, 0, 32; draw_string_vec4
    %concat/vec4; draw_string_vec4
    %pushi/vec4 0, 0, 32; draw_string_vec4
    %concat/vec4; draw_string_vec4
    %pushi/vec4 0, 0, 32; draw_string_vec4
    %concat/vec4; draw_string_vec4
    %pushi/vec4 0, 0, 32; draw_string_vec4
    %concat/vec4; draw_string_vec4
    %pushi/vec4 0, 0, 32; draw_string_vec4
    %concat/vec4; draw_string_vec4
    %pushi/vec4 5001025, 0, 32; draw_string_vec4
    %concat/vec4; draw_string_vec4
    %pushi/vec4 1147093298, 0, 32; draw_string_vec4
    %concat/vec4; draw_string_vec4
    %store/vec4 v0x59769f3e8fa0_0, 0, 320;
    %jmp T_17.6;
T_17.5 ;
    %pushi/vec4 0, 0, 32; draw_string_vec4
    %pushi/vec4 0, 0, 32; draw_string_vec4
    %concat/vec4; draw_string_vec4
    %pushi/vec4 0, 0, 32; draw_string_vec4
    %concat/vec4; draw_string_vec4
    %pushi/vec4 0, 0, 32; draw_string_vec4
    %concat/vec4; draw_string_vec4
    %pushi/vec4 0, 0, 32; draw_string_vec4
    %concat/vec4; draw_string_vec4
    %pushi/vec4 0, 0, 32; draw_string_vec4
    %concat/vec4; draw_string_vec4
    %pushi/vec4 0, 0, 32; draw_string_vec4
    %concat/vec4; draw_string_vec4
    %pushi/vec4 0, 0, 32; draw_string_vec4
    %concat/vec4; draw_string_vec4
    %pushi/vec4 0, 0, 32; draw_string_vec4
    %concat/vec4; draw_string_vec4
    %pushi/vec4 1162757169, 0, 32; draw_string_vec4
    %concat/vec4; draw_string_vec4
    %store/vec4 v0x59769f3e8fa0_0, 0, 320;
    %jmp T_17.6;
T_17.6 ;
    %pop/vec4 1;
    %jmp T_17;
    .thread T_17, $push;
    .scope S_0x59769f3cab90;
T_18 ;
    %pushi/vec4 0, 0, 1;
    %store/vec4 v0x59769f3ee4f0_0, 0, 1;
    %pushi/vec4 0, 0, 1;
    %store/vec4 v0x59769f3ee870_0, 0, 1;
    %pushi/vec4 0, 0, 1;
    %store/vec4 v0x59769f3ee960_0, 0, 1;
    %pushi/vec4 30577, 0, 16;
    %store/vec4 v0x59769f3ee2e0_0, 0, 16;
    %end;
    .thread T_18;
    .scope S_0x59769f3cab90;
T_19 ;
    %delay 0, 0;
T_19.0 ;
    %pushi/vec4 0, 0, 1;
    %store/vec4 v0x59769f3ee4f0_0, 0, 1;
    %delay 10000, 0;
    %pushi/vec4 1, 0, 1;
    %store/vec4 v0x59769f3ee4f0_0, 0, 1;
    %delay 10000, 0;
    %jmp T_19.0;
    %end;
    .thread T_19;
    .scope S_0x59769f3cab90;
T_20 ;
    %wait E_0x59769f3e9470;
    %pushi/vec4 1, 0, 1;
    %store/vec4 v0x59769f3ee870_0, 0, 1;
    %wait E_0x59769f3e9470;
    %pushi/vec4 0, 0, 1;
    %store/vec4 v0x59769f3ee870_0, 0, 1;
    %wait E_0x59769f3e8640;
    %pushi/vec4 0, 0, 1;
    %store/vec4 v0x59769f3ee960_0, 0, 1;
    %wait E_0x59769f3e8640;
    %pushi/vec4 1, 0, 1;
    %store/vec4 v0x59769f3ee960_0, 0, 1;
    %pushi/vec4 0, 0, 21;
    %store/vec4 v0x59769f3ee680_0, 0, 21;
T_20.0 ;
    %load/vec4 v0x59769f3ee680_0;
    %pad/u 32;
    %cmpi/u 2, 0, 32;
    %jmp/0xz T_20.1, 5;
    %wait E_0x59769f3e8640;
    %load/vec4 v0x59769f3ee680_0;
    %addi 1, 0, 21;
    %store/vec4 v0x59769f3ee680_0, 0, 21;
    %jmp T_20.0;
T_20.1 ;
    %pushi/vec4 0, 0, 1;
    %store/vec4 v0x59769f3ee960_0, 0, 1;
    %pushi/vec4 0, 0, 21;
    %store/vec4 v0x59769f3ee680_0, 0, 21;
T_20.2 ;
    %load/vec4 v0x59769f3ee680_0;
    %pad/u 32;
    %cmpi/u 17, 0, 32;
    %jmp/0xz T_20.3, 5;
    %wait E_0x59769f3e8640;
    %load/vec4 v0x59769f3ee680_0;
    %addi 1, 0, 21;
    %store/vec4 v0x59769f3ee680_0, 0, 21;
    %jmp T_20.2;
T_20.3 ;
    %end;
    .thread T_20;
    .scope S_0x59769f3cab90;
T_21 ;
    %fork t_1, S_0x59769f38e230;
    %jmp t_0;
    .scope S_0x59769f38e230;
t_1 ;
    %vpi_call 2 49 "$dumpfile", "bin2bcd_TB.vcd" {0 0 0};
    %vpi_call 2 50 "$dumpvars", 32'sb11111111111111111111111111111111, S_0x59769f38e410 {0 0 0};
    %delay 2000000, 0;
    %vpi_call 2 51 "$finish" {0 0 0};
    %end;
    .scope S_0x59769f3cab90;
t_0 %join;
    %end;
    .thread T_21;
# The file index is used to find the file name in the following table.
:file_names 10;
    "N/A";
    "<interactive>";
    "bin2bcd_TB.v";
    "bin2bcd.v";
    "add_sub_c2.v";
    "ctrl_b2b.v";
    "count.v";
    "lsr4.v";
    "mux2.v";
    "reg_msb.v";
