#! /usr/bin/vvp
:ivl_version "11.0 (stable)";
:ivl_delay_selection "TYPICAL";
:vpi_time_precision - 12;
:vpi_module "/usr/lib/x86_64-linux-gnu/ivl/system.vpi";
:vpi_module "/usr/lib/x86_64-linux-gnu/ivl/vhdl_sys.vpi";
:vpi_module "/usr/lib/x86_64-linux-gnu/ivl/vhdl_textio.vpi";
:vpi_module "/usr/lib/x86_64-linux-gnu/ivl/v2005_math.vpi";
:vpi_module "/usr/lib/x86_64-linux-gnu/ivl/va_math.vpi";
S_0x5c7160c5b840 .scope module, "bcd2bin_TB" "bcd2bin_TB" 2 3;
 .timescale -9 -12;
P_0x5c7160c584b0 .param/real "DUTY_CYCLE" 0 2 15, Cr<m4000000000000000gfc1>; value=0.500000
P_0x5c7160c584f0 .param/l "OFFSET" 0 2 16, +C4<00000000000000000000000000000000>;
P_0x5c7160c58530 .param/l "PERIOD" 0 2 14, +C4<00000000000000000000000000010100>;
v0x5c7160c7f010_0 .var "A", 19 0;
L_0x7fc204e6f2e8 .functor BUFT 1, C4<00000000000000000>, C4<0>, C4<0>, C4<0>;
v0x5c7160c7f140_0 .net *"_ivl_3", 16 0, L_0x7fc204e6f2e8;  1 drivers
v0x5c7160c7f220_0 .var "clk", 0 0;
v0x5c7160c7f2c0_0 .net "done", 0 0, v0x5c7160c79520_0;  1 drivers
v0x5c7160c7f3b0_0 .var "i", 20 0;
v0x5c7160c7f4c0_0 .net "result", 32 0, L_0x5c7160c80fe0;  1 drivers
v0x5c7160c7f5a0_0 .var "rst", 0 0;
v0x5c7160c7f690_0 .var "start", 0 0;
L_0x5c7160c80fe0 .concat [ 16 17 0 0], L_0x5c7160c7fec0, L_0x7fc204e6f2e8;
S_0x5c7160c20240 .scope begin, "TEST_CASE" "TEST_CASE" 2 48, 2 48 0, S_0x5c7160c5b840;
 .timescale -9 -12;
S_0x5c7160c203d0 .scope module, "uut" "bcd2bin" 2 10, 3 1 0, S_0x5c7160c5b840;
 .timescale -9 -12;
    .port_info 0 /INPUT 1 "clk";
    .port_info 1 /INPUT 1 "rst";
    .port_info 2 /INPUT 1 "init";
    .port_info 3 /INPUT 20 "A";
    .port_info 4 /OUTPUT 16 "result";
    .port_info 5 /OUTPUT 1 "done";
v0x5c7160c7dae0_0 .net "A", 19 0, v0x5c7160c7f010_0;  1 drivers
v0x5c7160c7dbc0_0 .net *"_ivl_1", 0 0, L_0x5c7160c7f780;  1 drivers
v0x5c7160c7dc80_0 .net *"_ivl_3", 0 0, L_0x5c7160c7f870;  1 drivers
v0x5c7160c7dd70_0 .net *"_ivl_5", 0 0, L_0x5c7160c7f910;  1 drivers
v0x5c7160c7de50_0 .net *"_ivl_7", 0 0, L_0x5c7160c7fa40;  1 drivers
v0x5c7160c7df30_0 .net *"_ivl_9", 0 0, L_0x5c7160c7fb10;  1 drivers
v0x5c7160c7e010_0 .net "clk", 0 0, v0x5c7160c7f220_0;  1 drivers
v0x5c7160c7e140_0 .net "done", 0 0, v0x5c7160c79520_0;  alias, 1 drivers
v0x5c7160c7e1e0_0 .net "init", 0 0, v0x5c7160c7f690_0;  1 drivers
v0x5c7160c7e340_0 .net "result", 15 0, L_0x5c7160c7fec0;  1 drivers
v0x5c7160c7e410_0 .net "rst", 0 0, v0x5c7160c7f5a0_0;  1 drivers
v0x5c7160c7e4e0_0 .net "w_LD", 4 0, v0x5c7160c7cd10_0;  1 drivers
v0x5c7160c7e580_0 .net "w_MSB", 4 0, L_0x5c7160c7fbb0;  1 drivers
v0x5c7160c7e620_0 .net "w_MUX", 19 0, L_0x5c7160c80680;  1 drivers
v0x5c7160c7e6c0_0 .net "w_add", 0 0, v0x5c7160c79290_0;  1 drivers
v0x5c7160c7e760_0 .net "w_cen", 3 0, L_0x5c7160c80280;  1 drivers
v0x5c7160c7e820_0 .net "w_dec", 3 0, L_0x5c7160c80400;  1 drivers
v0x5c7160c7e8f0_0 .net "w_dmi", 3 0, L_0x5c7160c80000;  1 drivers
v0x5c7160c7e9c0_0 .net "w_ld", 0 0, v0x5c7160c796f0_0;  1 drivers
v0x5c7160c7ea60_0 .net "w_ld_in", 19 0, L_0x5c7160c80d70;  1 drivers
v0x5c7160c7eb30_0 .net "w_ld_msb", 0 0, v0x5c7160c797b0_0;  1 drivers
v0x5c7160c7ebd0_0 .net "w_sel", 0 0, v0x5c7160c79930_0;  1 drivers
v0x5c7160c7ec70_0 .net "w_sh", 0 0, v0x5c7160c799f0_0;  1 drivers
v0x5c7160c7ed10_0 .net "w_umi", 3 0, L_0x5c7160c80140;  1 drivers
v0x5c7160c7edb0_0 .net "w_uni", 3 0, L_0x5c7160c80500;  1 drivers
v0x5c7160c7ee80_0 .net "w_z", 0 0, v0x5c7160c7a460_0;  1 drivers
L_0x5c7160c7f780 .part L_0x5c7160c80d70, 19, 1;
L_0x5c7160c7f870 .part L_0x5c7160c80d70, 15, 1;
L_0x5c7160c7f910 .part L_0x5c7160c80d70, 11, 1;
L_0x5c7160c7fa40 .part L_0x5c7160c80d70, 7, 1;
L_0x5c7160c7fb10 .part L_0x5c7160c80d70, 3, 1;
LS_0x5c7160c7fbb0_0_0 .concat [ 1 1 1 1], L_0x5c7160c7fb10, L_0x5c7160c7fa40, L_0x5c7160c7f910, L_0x5c7160c7f870;
LS_0x5c7160c7fbb0_0_4 .concat [ 1 0 0 0], L_0x5c7160c7f780;
L_0x5c7160c7fbb0 .concat [ 4 1 0 0], LS_0x5c7160c7fbb0_0_0, LS_0x5c7160c7fbb0_0_4;
L_0x5c7160c80000 .part L_0x5c7160c7fe20, 16, 4;
L_0x5c7160c80140 .part L_0x5c7160c7fe20, 12, 4;
L_0x5c7160c80280 .part L_0x5c7160c7fe20, 8, 4;
L_0x5c7160c80400 .part L_0x5c7160c7fe20, 4, 4;
L_0x5c7160c80500 .part L_0x5c7160c7fe20, 0, 4;
LS_0x5c7160c80680_0_0 .concat8 [ 4 4 4 4], v0x5c7160c7a9c0_0, v0x5c7160c7b050_0, v0x5c7160c7b6a0_0, v0x5c7160c7bd20_0;
LS_0x5c7160c80680_0_4 .concat8 [ 4 0 0 0], v0x5c7160c7c350_0;
L_0x5c7160c80680 .concat8 [ 16 4 0 0], LS_0x5c7160c80680_0_0, LS_0x5c7160c80680_0_4;
L_0x5c7160c807f0 .part L_0x5c7160c80680, 0, 4;
L_0x5c7160c808c0 .part L_0x5c7160c80680, 4, 4;
L_0x5c7160c809e0 .part L_0x5c7160c80680, 8, 4;
L_0x5c7160c80b40 .part L_0x5c7160c80680, 12, 4;
L_0x5c7160c80ca0 .part L_0x5c7160c80680, 16, 4;
LS_0x5c7160c80d70_0_0 .concat8 [ 4 4 4 4], v0x5c7160c5d370_0, v0x5c7160c483a0_0, v0x5c7160c77cd0_0, v0x5c7160c78290_0;
LS_0x5c7160c80d70_0_4 .concat8 [ 4 0 0 0], v0x5c7160c788a0_0;
L_0x5c7160c80d70 .concat8 [ 16 4 0 0], LS_0x5c7160c80d70_0_0, LS_0x5c7160c80d70_0_4;
S_0x5c7160c2ac10 .scope module, "comp0" "add_sub_c2" 3 35, 4 1 0, S_0x5c7160c203d0;
 .timescale -9 -12;
    .port_info 0 /INPUT 4 "in_A";
    .port_info 1 /INPUT 4 "in_B";
    .port_info 2 /OUTPUT 4 "Result";
v0x5c7160c5d370_0 .var "Result", 3 0;
v0x5c7160c5d7b0_0 .net "in_A", 3 0, L_0x5c7160c80500;  alias, 1 drivers
v0x5c7160c5e080_0 .net "in_B", 3 0, L_0x5c7160c807f0;  1 drivers
E_0x5c7160c03c90 .event edge, v0x5c7160c5d7b0_0, v0x5c7160c5e080_0;
S_0x5c7160c776d0 .scope module, "comp1" "add_sub_c2" 3 36, 4 1 0, S_0x5c7160c203d0;
 .timescale -9 -12;
    .port_info 0 /INPUT 4 "in_A";
    .port_info 1 /INPUT 4 "in_B";
    .port_info 2 /OUTPUT 4 "Result";
v0x5c7160c483a0_0 .var "Result", 3 0;
v0x5c7160c50a30_0 .net "in_A", 3 0, L_0x5c7160c80400;  alias, 1 drivers
v0x5c7160c57490_0 .net "in_B", 3 0, L_0x5c7160c808c0;  1 drivers
E_0x5c7160c5e880 .event edge, v0x5c7160c50a30_0, v0x5c7160c57490_0;
S_0x5c7160c77a80 .scope module, "comp2" "add_sub_c2" 3 37, 4 1 0, S_0x5c7160c203d0;
 .timescale -9 -12;
    .port_info 0 /INPUT 4 "in_A";
    .port_info 1 /INPUT 4 "in_B";
    .port_info 2 /OUTPUT 4 "Result";
v0x5c7160c77cd0_0 .var "Result", 3 0;
v0x5c7160c77dd0_0 .net "in_A", 3 0, L_0x5c7160c80280;  alias, 1 drivers
v0x5c7160c77eb0_0 .net "in_B", 3 0, L_0x5c7160c809e0;  1 drivers
E_0x5c7160c5e960 .event edge, v0x5c7160c77dd0_0, v0x5c7160c77eb0_0;
S_0x5c7160c78020 .scope module, "comp3" "add_sub_c2" 3 38, 4 1 0, S_0x5c7160c203d0;
 .timescale -9 -12;
    .port_info 0 /INPUT 4 "in_A";
    .port_info 1 /INPUT 4 "in_B";
    .port_info 2 /OUTPUT 4 "Result";
v0x5c7160c78290_0 .var "Result", 3 0;
v0x5c7160c78390_0 .net "in_A", 3 0, L_0x5c7160c80140;  alias, 1 drivers
v0x5c7160c78470_0 .net "in_B", 3 0, L_0x5c7160c80b40;  1 drivers
E_0x5c7160c5e770 .event edge, v0x5c7160c78390_0, v0x5c7160c78470_0;
S_0x5c7160c785e0 .scope module, "comp4" "add_sub_c2" 3 39, 4 1 0, S_0x5c7160c203d0;
 .timescale -9 -12;
    .port_info 0 /INPUT 4 "in_A";
    .port_info 1 /INPUT 4 "in_B";
    .port_info 2 /OUTPUT 4 "Result";
v0x5c7160c788a0_0 .var "Result", 3 0;
v0x5c7160c789a0_0 .net "in_A", 3 0, L_0x5c7160c80000;  alias, 1 drivers
v0x5c7160c78a80_0 .net "in_B", 3 0, L_0x5c7160c80ca0;  1 drivers
E_0x5c7160c5eb00 .event edge, v0x5c7160c789a0_0, v0x5c7160c78a80_0;
S_0x5c7160c78bc0 .scope module, "control0" "ctrl_b2b" 3 43, 5 1 0, S_0x5c7160c203d0;
 .timescale -9 -12;
    .port_info 0 /INPUT 1 "clk";
    .port_info 1 /INPUT 1 "rst";
    .port_info 2 /INPUT 1 "init";
    .port_info 3 /OUTPUT 1 "done";
    .port_info 4 /OUTPUT 1 "sh";
    .port_info 5 /OUTPUT 1 "ld";
    .port_info 6 /OUTPUT 1 "sel";
    .port_info 7 /OUTPUT 1 "ld_msb";
    .port_info 8 /OUTPUT 1 "add";
    .port_info 9 /INPUT 1 "z";
P_0x5c7160c78da0 .param/l "ADD" 0 5 18, C4<011>;
P_0x5c7160c78de0 .param/l "CHECK" 0 5 16, C4<001>;
P_0x5c7160c78e20 .param/l "END1" 0 5 20, C4<101>;
P_0x5c7160c78e60 .param/l "LOAD_A2" 0 5 19, C4<100>;
P_0x5c7160c78ea0 .param/l "SHIFT_DEC" 0 5 17, C4<010>;
P_0x5c7160c78ee0 .param/l "START" 0 5 15, C4<000>;
v0x5c7160c79290_0 .var "add", 0 0;
v0x5c7160c79370_0 .net "clk", 0 0, v0x5c7160c7f220_0;  alias, 1 drivers
v0x5c7160c79430_0 .var "count", 5 0;
v0x5c7160c79520_0 .var "done", 0 0;
v0x5c7160c795e0_0 .net "init", 0 0, v0x5c7160c7f690_0;  alias, 1 drivers
v0x5c7160c796f0_0 .var "ld", 0 0;
v0x5c7160c797b0_0 .var "ld_msb", 0 0;
v0x5c7160c79870_0 .net "rst", 0 0, v0x5c7160c7f5a0_0;  alias, 1 drivers
v0x5c7160c79930_0 .var "sel", 0 0;
v0x5c7160c799f0_0 .var "sh", 0 0;
v0x5c7160c79ab0_0 .var "state", 2 0;
v0x5c7160c79b90_0 .var "state_name", 320 1;
v0x5c7160c79c70_0 .net "z", 0 0, v0x5c7160c7a460_0;  alias, 1 drivers
E_0x5c7160c791d0 .event edge, v0x5c7160c79ab0_0;
E_0x5c7160c79230 .event posedge, v0x5c7160c79370_0;
S_0x5c7160c79ed0 .scope module, "count0" "cnt_bin2bcd" 3 42, 6 1 0, S_0x5c7160c203d0;
 .timescale -9 -12;
    .port_info 0 /INPUT 1 "clk";
    .port_info 1 /INPUT 1 "ld";
    .port_info 2 /INPUT 1 "dec";
    .port_info 3 /OUTPUT 1 "z";
v0x5c7160c7a0e0_0 .net "clk", 0 0, v0x5c7160c7f220_0;  alias, 1 drivers
v0x5c7160c7a1d0_0 .var "cont", 4 0;
v0x5c7160c7a290_0 .net "dec", 0 0, v0x5c7160c799f0_0;  alias, 1 drivers
v0x5c7160c7a390_0 .net "ld", 0 0, v0x5c7160c796f0_0;  alias, 1 drivers
v0x5c7160c7a460_0 .var "z", 0 0;
E_0x5c7160c7a060 .event negedge, v0x5c7160c79370_0;
S_0x5c7160c7a580 .scope module, "mux0" "mux" 3 30, 7 1 0, S_0x5c7160c203d0;
 .timescale -9 -12;
    .port_info 0 /INPUT 4 "in1";
    .port_info 1 /INPUT 4 "in2";
    .port_info 2 /OUTPUT 4 "out";
    .port_info 3 /INPUT 1 "sel";
L_0x7fc204e6f018 .functor BUFT 1, C4<1101>, C4<0>, C4<0>, C4<0>;
v0x5c7160c7a7e0_0 .net "in1", 3 0, L_0x7fc204e6f018;  1 drivers
L_0x7fc204e6f060 .functor BUFT 1, C4<1011>, C4<0>, C4<0>, C4<0>;
v0x5c7160c7a8e0_0 .net "in2", 3 0, L_0x7fc204e6f060;  1 drivers
v0x5c7160c7a9c0_0 .var "out", 3 0;
v0x5c7160c7aab0_0 .net "sel", 0 0, v0x5c7160c79930_0;  alias, 1 drivers
E_0x5c7160c7a760 .event edge, v0x5c7160c79930_0, v0x5c7160c7a8e0_0, v0x5c7160c7a7e0_0;
S_0x5c7160c7ac10 .scope module, "mux1" "mux" 3 31, 7 1 0, S_0x5c7160c203d0;
 .timescale -9 -12;
    .port_info 0 /INPUT 4 "in1";
    .port_info 1 /INPUT 4 "in2";
    .port_info 2 /OUTPUT 4 "out";
    .port_info 3 /INPUT 1 "sel";
L_0x7fc204e6f0a8 .functor BUFT 1, C4<1101>, C4<0>, C4<0>, C4<0>;
v0x5c7160c7ae70_0 .net "in1", 3 0, L_0x7fc204e6f0a8;  1 drivers
L_0x7fc204e6f0f0 .functor BUFT 1, C4<1011>, C4<0>, C4<0>, C4<0>;
v0x5c7160c7af70_0 .net "in2", 3 0, L_0x7fc204e6f0f0;  1 drivers
v0x5c7160c7b050_0 .var "out", 3 0;
v0x5c7160c7b140_0 .net "sel", 0 0, v0x5c7160c79930_0;  alias, 1 drivers
E_0x5c7160c7adf0 .event edge, v0x5c7160c79930_0, v0x5c7160c7af70_0, v0x5c7160c7ae70_0;
S_0x5c7160c7b260 .scope module, "mux2" "mux" 3 32, 7 1 0, S_0x5c7160c203d0;
 .timescale -9 -12;
    .port_info 0 /INPUT 4 "in1";
    .port_info 1 /INPUT 4 "in2";
    .port_info 2 /OUTPUT 4 "out";
    .port_info 3 /INPUT 1 "sel";
L_0x7fc204e6f138 .functor BUFT 1, C4<1101>, C4<0>, C4<0>, C4<0>;
v0x5c7160c7b4c0_0 .net "in1", 3 0, L_0x7fc204e6f138;  1 drivers
L_0x7fc204e6f180 .functor BUFT 1, C4<1011>, C4<0>, C4<0>, C4<0>;
v0x5c7160c7b5c0_0 .net "in2", 3 0, L_0x7fc204e6f180;  1 drivers
v0x5c7160c7b6a0_0 .var "out", 3 0;
v0x5c7160c7b790_0 .net "sel", 0 0, v0x5c7160c79930_0;  alias, 1 drivers
E_0x5c7160c7b440 .event edge, v0x5c7160c79930_0, v0x5c7160c7b5c0_0, v0x5c7160c7b4c0_0;
S_0x5c7160c7b8e0 .scope module, "mux3" "mux" 3 33, 7 1 0, S_0x5c7160c203d0;
 .timescale -9 -12;
    .port_info 0 /INPUT 4 "in1";
    .port_info 1 /INPUT 4 "in2";
    .port_info 2 /OUTPUT 4 "out";
    .port_info 3 /INPUT 1 "sel";
L_0x7fc204e6f1c8 .functor BUFT 1, C4<1101>, C4<0>, C4<0>, C4<0>;
v0x5c7160c7bb40_0 .net "in1", 3 0, L_0x7fc204e6f1c8;  1 drivers
L_0x7fc204e6f210 .functor BUFT 1, C4<1011>, C4<0>, C4<0>, C4<0>;
v0x5c7160c7bc40_0 .net "in2", 3 0, L_0x7fc204e6f210;  1 drivers
v0x5c7160c7bd20_0 .var "out", 3 0;
v0x5c7160c7be10_0 .net "sel", 0 0, v0x5c7160c79930_0;  alias, 1 drivers
E_0x5c7160c7bac0 .event edge, v0x5c7160c79930_0, v0x5c7160c7bc40_0, v0x5c7160c7bb40_0;
S_0x5c7160c7bf60 .scope module, "mux4" "mux" 3 34, 7 1 0, S_0x5c7160c203d0;
 .timescale -9 -12;
    .port_info 0 /INPUT 4 "in1";
    .port_info 1 /INPUT 4 "in2";
    .port_info 2 /OUTPUT 4 "out";
    .port_info 3 /INPUT 1 "sel";
L_0x7fc204e6f258 .functor BUFT 1, C4<1101>, C4<0>, C4<0>, C4<0>;
v0x5c7160c7c170_0 .net "in1", 3 0, L_0x7fc204e6f258;  1 drivers
L_0x7fc204e6f2a0 .functor BUFT 1, C4<1011>, C4<0>, C4<0>, C4<0>;
v0x5c7160c7c270_0 .net "in2", 3 0, L_0x7fc204e6f2a0;  1 drivers
v0x5c7160c7c350_0 .var "out", 3 0;
v0x5c7160c7c440_0 .net "sel", 0 0, v0x5c7160c79930_0;  alias, 1 drivers
E_0x5c7160c7c0f0 .event edge, v0x5c7160c79930_0, v0x5c7160c7c270_0, v0x5c7160c7c170_0;
S_0x5c7160c7c590 .scope module, "reg0" "reg_msb" 3 40, 8 1 0, S_0x5c7160c203d0;
 .timescale -9 -12;
    .port_info 0 /INPUT 1 "clk";
    .port_info 1 /INPUT 1 "reset";
    .port_info 2 /INPUT 5 "in";
    .port_info 3 /OUTPUT 5 "out";
    .port_info 4 /INPUT 1 "ld";
    .port_info 5 /INPUT 1 "oe";
v0x5c7160c7c8d0_0 .net "clk", 0 0, v0x5c7160c7f220_0;  alias, 1 drivers
v0x5c7160c7c9e0_0 .var "cont", 4 0;
v0x5c7160c7cac0_0 .net "in", 4 0, L_0x5c7160c7fbb0;  alias, 1 drivers
v0x5c7160c7cb80_0 .net "ld", 0 0, v0x5c7160c797b0_0;  alias, 1 drivers
v0x5c7160c7cc20_0 .net "oe", 0 0, v0x5c7160c79290_0;  alias, 1 drivers
v0x5c7160c7cd10_0 .var "out", 4 0;
v0x5c7160c7cdb0_0 .net "reset", 0 0, v0x5c7160c796f0_0;  alias, 1 drivers
E_0x5c7160c7c850 .event edge, v0x5c7160c79290_0, v0x5c7160c7c9e0_0;
S_0x5c7160c7cfa0 .scope module, "rsr40" "rsr4" 3 29, 9 1 0, S_0x5c7160c203d0;
 .timescale -9 -12;
    .port_info 0 /INPUT 1 "clk";
    .port_info 1 /INPUT 1 "rst_ld";
    .port_info 2 /INPUT 1 "shift";
    .port_info 3 /INPUT 5 "lda2";
    .port_info 4 /INPUT 20 "in_R1";
    .port_info 5 /INPUT 20 "in_R2";
    .port_info 6 /OUTPUT 20 "out_R";
    .port_info 7 /OUTPUT 16 "out_R2";
v0x5c7160c7d1d0_0 .net "clk", 0 0, v0x5c7160c7f220_0;  alias, 1 drivers
v0x5c7160c7d290_0 .var "data", 35 0;
v0x5c7160c7d370_0 .net "in_R1", 19 0, v0x5c7160c7f010_0;  alias, 1 drivers
v0x5c7160c7d430_0 .net "in_R2", 19 0, L_0x5c7160c80d70;  alias, 1 drivers
v0x5c7160c7d510_0 .net "lda2", 4 0, v0x5c7160c7cd10_0;  alias, 1 drivers
v0x5c7160c7d620_0 .net "out_R", 19 0, L_0x5c7160c7fe20;  1 drivers
v0x5c7160c7d6e0_0 .net "out_R2", 15 0, L_0x5c7160c7fec0;  alias, 1 drivers
v0x5c7160c7d7c0_0 .net "rst_ld", 0 0, v0x5c7160c796f0_0;  alias, 1 drivers
v0x5c7160c7d860_0 .net "shift", 0 0, v0x5c7160c799f0_0;  alias, 1 drivers
L_0x5c7160c7fe20 .part v0x5c7160c7d290_0, 16, 20;
L_0x5c7160c7fec0 .part v0x5c7160c7d290_0, 0, 16;
    .scope S_0x5c7160c7cfa0;
T_0 ;
    %wait E_0x5c7160c7a060;
    %load/vec4 v0x5c7160c7d7c0_0;
    %flag_set/vec4 8;
    %jmp/0xz  T_0.0, 8;
    %pushi/vec4 0, 0, 16;
    %ix/load 4, 0, 0;
    %ix/load 5, 0, 0;
    %flag_set/imm 4, 0;
    %assign/vec4/off/d v0x5c7160c7d290_0, 4, 5;
    %load/vec4 v0x5c7160c7d370_0;
    %ix/load 4, 16, 0;
    %ix/load 5, 0, 0;
    %flag_set/imm 4, 0;
    %assign/vec4/off/d v0x5c7160c7d290_0, 4, 5;
    %jmp T_0.1;
T_0.0 ;
    %load/vec4 v0x5c7160c7d860_0;
    %flag_set/vec4 8;
    %jmp/0xz  T_0.2, 8;
    %pushi/vec4 0, 0, 1;
    %load/vec4 v0x5c7160c7d290_0;
    %parti/s 35, 1, 2;
    %concat/vec4; draw_concat_vec4
    %assign/vec4 v0x5c7160c7d290_0, 0;
    %jmp T_0.3;
T_0.2 ;
    %load/vec4 v0x5c7160c7d510_0;
    %parti/s 1, 4, 4;
    %pad/u 32;
    %cmpi/e 1, 0, 32;
    %jmp/0xz  T_0.4, 4;
    %load/vec4 v0x5c7160c7d430_0;
    %parti/s 4, 16, 6;
    %ix/load 4, 32, 0;
    %ix/load 5, 0, 0;
    %flag_set/imm 4, 0;
    %assign/vec4/off/d v0x5c7160c7d290_0, 4, 5;
T_0.4 ;
    %load/vec4 v0x5c7160c7d510_0;
    %parti/s 1, 3, 3;
    %pad/u 32;
    %cmpi/e 1, 0, 32;
    %jmp/0xz  T_0.6, 4;
    %load/vec4 v0x5c7160c7d430_0;
    %parti/s 4, 12, 5;
    %ix/load 4, 28, 0;
    %ix/load 5, 0, 0;
    %flag_set/imm 4, 0;
    %assign/vec4/off/d v0x5c7160c7d290_0, 4, 5;
T_0.6 ;
    %load/vec4 v0x5c7160c7d510_0;
    %parti/s 1, 2, 3;
    %pad/u 32;
    %cmpi/e 1, 0, 32;
    %jmp/0xz  T_0.8, 4;
    %load/vec4 v0x5c7160c7d430_0;
    %parti/s 4, 8, 5;
    %ix/load 4, 24, 0;
    %ix/load 5, 0, 0;
    %flag_set/imm 4, 0;
    %assign/vec4/off/d v0x5c7160c7d290_0, 4, 5;
T_0.8 ;
    %load/vec4 v0x5c7160c7d510_0;
    %parti/s 1, 1, 2;
    %pad/u 32;
    %cmpi/e 1, 0, 32;
    %jmp/0xz  T_0.10, 4;
    %load/vec4 v0x5c7160c7d430_0;
    %parti/s 4, 4, 4;
    %ix/load 4, 20, 0;
    %ix/load 5, 0, 0;
    %flag_set/imm 4, 0;
    %assign/vec4/off/d v0x5c7160c7d290_0, 4, 5;
T_0.10 ;
    %load/vec4 v0x5c7160c7d510_0;
    %parti/s 1, 0, 2;
    %pad/u 32;
    %cmpi/e 1, 0, 32;
    %jmp/0xz  T_0.12, 4;
    %load/vec4 v0x5c7160c7d430_0;
    %parti/s 4, 0, 2;
    %ix/load 4, 16, 0;
    %ix/load 5, 0, 0;
    %flag_set/imm 4, 0;
    %assign/vec4/off/d v0x5c7160c7d290_0, 4, 5;
T_0.12 ;
T_0.3 ;
T_0.1 ;
    %jmp T_0;
    .thread T_0;
    .scope S_0x5c7160c7a580;
T_1 ;
    %wait E_0x5c7160c7a760;
    %load/vec4 v0x5c7160c7aab0_0;
    %flag_set/vec4 8;
    %jmp/0xz  T_1.0, 8;
    %load/vec4 v0x5c7160c7a8e0_0;
    %store/vec4 v0x5c7160c7a9c0_0, 0, 4;
    %jmp T_1.1;
T_1.0 ;
    %load/vec4 v0x5c7160c7a7e0_0;
    %store/vec4 v0x5c7160c7a9c0_0, 0, 4;
T_1.1 ;
    %jmp T_1;
    .thread T_1, $push;
    .scope S_0x5c7160c7ac10;
T_2 ;
    %wait E_0x5c7160c7adf0;
    %load/vec4 v0x5c7160c7b140_0;
    %flag_set/vec4 8;
    %jmp/0xz  T_2.0, 8;
    %load/vec4 v0x5c7160c7af70_0;
    %store/vec4 v0x5c7160c7b050_0, 0, 4;
    %jmp T_2.1;
T_2.0 ;
    %load/vec4 v0x5c7160c7ae70_0;
    %store/vec4 v0x5c7160c7b050_0, 0, 4;
T_2.1 ;
    %jmp T_2;
    .thread T_2, $push;
    .scope S_0x5c7160c7b260;
T_3 ;
    %wait E_0x5c7160c7b440;
    %load/vec4 v0x5c7160c7b790_0;
    %flag_set/vec4 8;
    %jmp/0xz  T_3.0, 8;
    %load/vec4 v0x5c7160c7b5c0_0;
    %store/vec4 v0x5c7160c7b6a0_0, 0, 4;
    %jmp T_3.1;
T_3.0 ;
    %load/vec4 v0x5c7160c7b4c0_0;
    %store/vec4 v0x5c7160c7b6a0_0, 0, 4;
T_3.1 ;
    %jmp T_3;
    .thread T_3, $push;
    .scope S_0x5c7160c7b8e0;
T_4 ;
    %wait E_0x5c7160c7bac0;
    %load/vec4 v0x5c7160c7be10_0;
    %flag_set/vec4 8;
    %jmp/0xz  T_4.0, 8;
    %load/vec4 v0x5c7160c7bc40_0;
    %store/vec4 v0x5c7160c7bd20_0, 0, 4;
    %jmp T_4.1;
T_4.0 ;
    %load/vec4 v0x5c7160c7bb40_0;
    %store/vec4 v0x5c7160c7bd20_0, 0, 4;
T_4.1 ;
    %jmp T_4;
    .thread T_4, $push;
    .scope S_0x5c7160c7bf60;
T_5 ;
    %wait E_0x5c7160c7c0f0;
    %load/vec4 v0x5c7160c7c440_0;
    %flag_set/vec4 8;
    %jmp/0xz  T_5.0, 8;
    %load/vec4 v0x5c7160c7c270_0;
    %store/vec4 v0x5c7160c7c350_0, 0, 4;
    %jmp T_5.1;
T_5.0 ;
    %load/vec4 v0x5c7160c7c170_0;
    %store/vec4 v0x5c7160c7c350_0, 0, 4;
T_5.1 ;
    %jmp T_5;
    .thread T_5, $push;
    .scope S_0x5c7160c2ac10;
T_6 ;
    %wait E_0x5c7160c03c90;
    %load/vec4 v0x5c7160c5d7b0_0;
    %load/vec4 v0x5c7160c5e080_0;
    %add;
    %store/vec4 v0x5c7160c5d370_0, 0, 4;
    %jmp T_6;
    .thread T_6, $push;
    .scope S_0x5c7160c776d0;
T_7 ;
    %wait E_0x5c7160c5e880;
    %load/vec4 v0x5c7160c50a30_0;
    %load/vec4 v0x5c7160c57490_0;
    %add;
    %store/vec4 v0x5c7160c483a0_0, 0, 4;
    %jmp T_7;
    .thread T_7, $push;
    .scope S_0x5c7160c77a80;
T_8 ;
    %wait E_0x5c7160c5e960;
    %load/vec4 v0x5c7160c77dd0_0;
    %load/vec4 v0x5c7160c77eb0_0;
    %add;
    %store/vec4 v0x5c7160c77cd0_0, 0, 4;
    %jmp T_8;
    .thread T_8, $push;
    .scope S_0x5c7160c78020;
T_9 ;
    %wait E_0x5c7160c5e770;
    %load/vec4 v0x5c7160c78390_0;
    %load/vec4 v0x5c7160c78470_0;
    %add;
    %store/vec4 v0x5c7160c78290_0, 0, 4;
    %jmp T_9;
    .thread T_9, $push;
    .scope S_0x5c7160c785e0;
T_10 ;
    %wait E_0x5c7160c5eb00;
    %load/vec4 v0x5c7160c789a0_0;
    %load/vec4 v0x5c7160c78a80_0;
    %add;
    %store/vec4 v0x5c7160c788a0_0, 0, 4;
    %jmp T_10;
    .thread T_10, $push;
    .scope S_0x5c7160c7c590;
T_11 ;
    %wait E_0x5c7160c7c850;
    %load/vec4 v0x5c7160c7cc20_0;
    %flag_set/vec4 8;
    %jmp/0xz  T_11.0, 8;
    %load/vec4 v0x5c7160c7c9e0_0;
    %inv;
    %store/vec4 v0x5c7160c7cd10_0, 0, 5;
    %jmp T_11.1;
T_11.0 ;
    %pushi/vec4 0, 0, 5;
    %store/vec4 v0x5c7160c7cd10_0, 0, 5;
T_11.1 ;
    %jmp T_11;
    .thread T_11, $push;
    .scope S_0x5c7160c7c590;
T_12 ;
    %wait E_0x5c7160c7a060;
    %load/vec4 v0x5c7160c7cdb0_0;
    %flag_set/vec4 8;
    %jmp/0xz  T_12.0, 8;
    %pushi/vec4 0, 0, 5;
    %assign/vec4 v0x5c7160c7c9e0_0, 0;
    %jmp T_12.1;
T_12.0 ;
    %load/vec4 v0x5c7160c7cb80_0;
    %flag_set/vec4 8;
    %jmp/0xz  T_12.2, 8;
    %load/vec4 v0x5c7160c7cac0_0;
    %assign/vec4 v0x5c7160c7c9e0_0, 0;
T_12.2 ;
T_12.1 ;
    %jmp T_12;
    .thread T_12;
    .scope S_0x5c7160c79ed0;
T_13 ;
    %pushi/vec4 8, 0, 5;
    %store/vec4 v0x5c7160c7a1d0_0, 0, 5;
    %end;
    .thread T_13;
    .scope S_0x5c7160c79ed0;
T_14 ;
    %wait E_0x5c7160c7a060;
    %load/vec4 v0x5c7160c7a390_0;
    %flag_set/vec4 8;
    %jmp/0xz  T_14.0, 8;
    %pushi/vec4 16, 0, 5;
    %assign/vec4 v0x5c7160c7a1d0_0, 0;
    %jmp T_14.1;
T_14.0 ;
    %load/vec4 v0x5c7160c7a290_0;
    %flag_set/vec4 8;
    %jmp/0xz  T_14.2, 8;
    %load/vec4 v0x5c7160c7a1d0_0;
    %subi 1, 0, 5;
    %assign/vec4 v0x5c7160c7a1d0_0, 0;
    %jmp T_14.3;
T_14.2 ;
    %load/vec4 v0x5c7160c7a1d0_0;
    %assign/vec4 v0x5c7160c7a1d0_0, 0;
T_14.3 ;
T_14.1 ;
    %load/vec4 v0x5c7160c7a1d0_0;
    %pad/u 32;
    %cmpi/e 0, 0, 32;
    %flag_mov 8, 4;
    %jmp/0 T_14.4, 8;
    %pushi/vec4 1, 0, 2;
    %jmp/1 T_14.5, 8;
T_14.4 ; End of true expr.
    %pushi/vec4 0, 0, 2;
    %jmp/0 T_14.5, 8;
 ; End of false expr.
    %blend;
T_14.5;
    %pad/s 1;
    %store/vec4 v0x5c7160c7a460_0, 0, 1;
    %jmp T_14;
    .thread T_14;
    .scope S_0x5c7160c78bc0;
T_15 ;
    %wait E_0x5c7160c79230;
    %load/vec4 v0x5c7160c79870_0;
    %flag_set/vec4 8;
    %jmp/0xz  T_15.0, 8;
    %pushi/vec4 0, 0, 3;
    %store/vec4 v0x5c7160c79ab0_0, 0, 3;
    %pushi/vec4 0, 0, 6;
    %store/vec4 v0x5c7160c79430_0, 0, 6;
    %jmp T_15.1;
T_15.0 ;
    %load/vec4 v0x5c7160c79ab0_0;
    %dup/vec4;
    %pushi/vec4 0, 0, 3;
    %cmp/u;
    %jmp/1 T_15.2, 6;
    %dup/vec4;
    %pushi/vec4 2, 0, 3;
    %cmp/u;
    %jmp/1 T_15.3, 6;
    %dup/vec4;
    %pushi/vec4 1, 0, 3;
    %cmp/u;
    %jmp/1 T_15.4, 6;
    %dup/vec4;
    %pushi/vec4 4, 0, 3;
    %cmp/u;
    %jmp/1 T_15.5, 6;
    %dup/vec4;
    %pushi/vec4 3, 0, 3;
    %cmp/u;
    %jmp/1 T_15.6, 6;
    %dup/vec4;
    %pushi/vec4 5, 0, 3;
    %cmp/u;
    %jmp/1 T_15.7, 6;
    %pushi/vec4 0, 0, 3;
    %store/vec4 v0x5c7160c79ab0_0, 0, 3;
    %jmp T_15.9;
T_15.2 ;
    %load/vec4 v0x5c7160c795e0_0;
    %flag_set/vec4 8;
    %jmp/0xz  T_15.10, 8;
    %pushi/vec4 2, 0, 3;
    %store/vec4 v0x5c7160c79ab0_0, 0, 3;
    %jmp T_15.11;
T_15.10 ;
    %pushi/vec4 0, 0, 3;
    %store/vec4 v0x5c7160c79ab0_0, 0, 3;
T_15.11 ;
    %jmp T_15.9;
T_15.3 ;
    %pushi/vec4 1, 0, 3;
    %store/vec4 v0x5c7160c79ab0_0, 0, 3;
    %jmp T_15.9;
T_15.4 ;
    %load/vec4 v0x5c7160c79c70_0;
    %flag_set/vec4 8;
    %jmp/0xz  T_15.12, 8;
    %pushi/vec4 5, 0, 3;
    %store/vec4 v0x5c7160c79ab0_0, 0, 3;
    %jmp T_15.13;
T_15.12 ;
    %pushi/vec4 4, 0, 3;
    %store/vec4 v0x5c7160c79ab0_0, 0, 3;
T_15.13 ;
    %jmp T_15.9;
T_15.5 ;
    %pushi/vec4 3, 0, 3;
    %store/vec4 v0x5c7160c79ab0_0, 0, 3;
    %jmp T_15.9;
T_15.6 ;
    %pushi/vec4 2, 0, 3;
    %store/vec4 v0x5c7160c79ab0_0, 0, 3;
    %jmp T_15.9;
T_15.7 ;
    %load/vec4 v0x5c7160c79430_0;
    %addi 1, 0, 6;
    %store/vec4 v0x5c7160c79430_0, 0, 6;
    %load/vec4 v0x5c7160c79430_0;
    %pad/u 32;
    %cmpi/u 30, 0, 32;
    %flag_or 5, 4; GT is !LE
    %flag_inv 5;
    %flag_mov 8, 5;
    %jmp/0 T_15.14, 8;
    %pushi/vec4 0, 0, 3;
    %jmp/1 T_15.15, 8;
T_15.14 ; End of true expr.
    %pushi/vec4 5, 0, 3;
    %jmp/0 T_15.15, 8;
 ; End of false expr.
    %blend;
T_15.15;
    %store/vec4 v0x5c7160c79ab0_0, 0, 3;
    %jmp T_15.9;
T_15.9 ;
    %pop/vec4 1;
T_15.1 ;
    %jmp T_15;
    .thread T_15;
    .scope S_0x5c7160c78bc0;
T_16 ;
    %wait E_0x5c7160c791d0;
    %load/vec4 v0x5c7160c79ab0_0;
    %dup/vec4;
    %pushi/vec4 0, 0, 3;
    %cmp/u;
    %jmp/1 T_16.0, 6;
    %dup/vec4;
    %pushi/vec4 2, 0, 3;
    %cmp/u;
    %jmp/1 T_16.1, 6;
    %dup/vec4;
    %pushi/vec4 1, 0, 3;
    %cmp/u;
    %jmp/1 T_16.2, 6;
    %dup/vec4;
    %pushi/vec4 4, 0, 3;
    %cmp/u;
    %jmp/1 T_16.3, 6;
    %dup/vec4;
    %pushi/vec4 3, 0, 3;
    %cmp/u;
    %jmp/1 T_16.4, 6;
    %dup/vec4;
    %pushi/vec4 5, 0, 3;
    %cmp/u;
    %jmp/1 T_16.5, 6;
    %jmp T_16.6;
T_16.0 ;
    %pushi/vec4 0, 0, 1;
    %store/vec4 v0x5c7160c79520_0, 0, 1;
    %pushi/vec4 0, 0, 1;
    %store/vec4 v0x5c7160c797b0_0, 0, 1;
    %pushi/vec4 0, 0, 1;
    %store/vec4 v0x5c7160c79930_0, 0, 1;
    %pushi/vec4 0, 0, 1;
    %store/vec4 v0x5c7160c799f0_0, 0, 1;
    %pushi/vec4 1, 0, 1;
    %store/vec4 v0x5c7160c796f0_0, 0, 1;
    %pushi/vec4 0, 0, 1;
    %store/vec4 v0x5c7160c79290_0, 0, 1;
    %jmp T_16.6;
T_16.1 ;
    %pushi/vec4 0, 0, 1;
    %store/vec4 v0x5c7160c79520_0, 0, 1;
    %pushi/vec4 1, 0, 1;
    %store/vec4 v0x5c7160c797b0_0, 0, 1;
    %pushi/vec4 1, 0, 1;
    %store/vec4 v0x5c7160c79930_0, 0, 1;
    %pushi/vec4 1, 0, 1;
    %store/vec4 v0x5c7160c799f0_0, 0, 1;
    %pushi/vec4 0, 0, 1;
    %store/vec4 v0x5c7160c796f0_0, 0, 1;
    %pushi/vec4 0, 0, 1;
    %store/vec4 v0x5c7160c79290_0, 0, 1;
    %jmp T_16.6;
T_16.2 ;
    %pushi/vec4 0, 0, 1;
    %store/vec4 v0x5c7160c79520_0, 0, 1;
    %pushi/vec4 1, 0, 1;
    %store/vec4 v0x5c7160c797b0_0, 0, 1;
    %pushi/vec4 1, 0, 1;
    %store/vec4 v0x5c7160c79930_0, 0, 1;
    %pushi/vec4 0, 0, 1;
    %store/vec4 v0x5c7160c799f0_0, 0, 1;
    %pushi/vec4 0, 0, 1;
    %store/vec4 v0x5c7160c796f0_0, 0, 1;
    %pushi/vec4 0, 0, 1;
    %store/vec4 v0x5c7160c79290_0, 0, 1;
    %jmp T_16.6;
T_16.3 ;
    %pushi/vec4 0, 0, 1;
    %store/vec4 v0x5c7160c79520_0, 0, 1;
    %pushi/vec4 0, 0, 1;
    %store/vec4 v0x5c7160c797b0_0, 0, 1;
    %pushi/vec4 0, 0, 1;
    %store/vec4 v0x5c7160c79930_0, 0, 1;
    %pushi/vec4 0, 0, 1;
    %store/vec4 v0x5c7160c799f0_0, 0, 1;
    %pushi/vec4 0, 0, 1;
    %store/vec4 v0x5c7160c796f0_0, 0, 1;
    %pushi/vec4 1, 0, 1;
    %store/vec4 v0x5c7160c79290_0, 0, 1;
    %jmp T_16.6;
T_16.4 ;
    %pushi/vec4 0, 0, 1;
    %store/vec4 v0x5c7160c79520_0, 0, 1;
    %pushi/vec4 0, 0, 1;
    %store/vec4 v0x5c7160c797b0_0, 0, 1;
    %pushi/vec4 0, 0, 1;
    %store/vec4 v0x5c7160c79930_0, 0, 1;
    %pushi/vec4 0, 0, 1;
    %store/vec4 v0x5c7160c799f0_0, 0, 1;
    %pushi/vec4 0, 0, 1;
    %store/vec4 v0x5c7160c796f0_0, 0, 1;
    %pushi/vec4 0, 0, 1;
    %store/vec4 v0x5c7160c79290_0, 0, 1;
    %jmp T_16.6;
T_16.5 ;
    %pushi/vec4 1, 0, 1;
    %store/vec4 v0x5c7160c79520_0, 0, 1;
    %pushi/vec4 0, 0, 1;
    %store/vec4 v0x5c7160c797b0_0, 0, 1;
    %pushi/vec4 0, 0, 1;
    %store/vec4 v0x5c7160c79930_0, 0, 1;
    %pushi/vec4 0, 0, 1;
    %store/vec4 v0x5c7160c799f0_0, 0, 1;
    %pushi/vec4 0, 0, 1;
    %store/vec4 v0x5c7160c796f0_0, 0, 1;
    %pushi/vec4 0, 0, 1;
    %store/vec4 v0x5c7160c79290_0, 0, 1;
    %jmp T_16.6;
T_16.6 ;
    %pop/vec4 1;
    %jmp T_16;
    .thread T_16, $push;
    .scope S_0x5c7160c78bc0;
T_17 ;
    %wait E_0x5c7160c791d0;
    %load/vec4 v0x5c7160c79ab0_0;
    %dup/vec4;
    %pushi/vec4 0, 0, 3;
    %cmp/u;
    %jmp/1 T_17.0, 6;
    %dup/vec4;
    %pushi/vec4 1, 0, 3;
    %cmp/u;
    %jmp/1 T_17.1, 6;
    %dup/vec4;
    %pushi/vec4 2, 0, 3;
    %cmp/u;
    %jmp/1 T_17.2, 6;
    %dup/vec4;
    %pushi/vec4 3, 0, 3;
    %cmp/u;
    %jmp/1 T_17.3, 6;
    %dup/vec4;
    %pushi/vec4 4, 0, 3;
    %cmp/u;
    %jmp/1 T_17.4, 6;
    %dup/vec4;
    %pushi/vec4 5, 0, 3;
    %cmp/u;
    %jmp/1 T_17.5, 6;
    %jmp T_17.6;
T_17.0 ;
    %pushi/vec4 0, 0, 32; draw_string_vec4
    %pushi/vec4 0, 0, 32; draw_string_vec4
    %concat/vec4; draw_string_vec4
    %pushi/vec4 0, 0, 32; draw_string_vec4
    %concat/vec4; draw_string_vec4
    %pushi/vec4 0, 0, 32; draw_string_vec4
    %concat/vec4; draw_string_vec4
    %pushi/vec4 0, 0, 32; draw_string_vec4
    %concat/vec4; draw_string_vec4
    %pushi/vec4 0, 0, 32; draw_string_vec4
    %concat/vec4; draw_string_vec4
    %pushi/vec4 0, 0, 32; draw_string_vec4
    %concat/vec4; draw_string_vec4
    %pushi/vec4 0, 0, 32; draw_string_vec4
    %concat/vec4; draw_string_vec4
    %pushi/vec4 83, 0, 32; draw_string_vec4
    %concat/vec4; draw_string_vec4
    %pushi/vec4 1413567060, 0, 32; draw_string_vec4
    %concat/vec4; draw_string_vec4
    %store/vec4 v0x5c7160c79b90_0, 0, 320;
    %jmp T_17.6;
T_17.1 ;
    %pushi/vec4 0, 0, 32; draw_string_vec4
    %pushi/vec4 0, 0, 32; draw_string_vec4
    %concat/vec4; draw_string_vec4
    %pushi/vec4 0, 0, 32; draw_string_vec4
    %concat/vec4; draw_string_vec4
    %pushi/vec4 0, 0, 32; draw_string_vec4
    %concat/vec4; draw_string_vec4
    %pushi/vec4 0, 0, 32; draw_string_vec4
    %concat/vec4; draw_string_vec4
    %pushi/vec4 0, 0, 32; draw_string_vec4
    %concat/vec4; draw_string_vec4
    %pushi/vec4 0, 0, 32; draw_string_vec4
    %concat/vec4; draw_string_vec4
    %pushi/vec4 0, 0, 32; draw_string_vec4
    %concat/vec4; draw_string_vec4
    %pushi/vec4 67, 0, 32; draw_string_vec4
    %concat/vec4; draw_string_vec4
    %pushi/vec4 1212498763, 0, 32; draw_string_vec4
    %concat/vec4; draw_string_vec4
    %store/vec4 v0x5c7160c79b90_0, 0, 320;
    %jmp T_17.6;
T_17.2 ;
    %pushi/vec4 0, 0, 32; draw_string_vec4
    %pushi/vec4 0, 0, 32; draw_string_vec4
    %concat/vec4; draw_string_vec4
    %pushi/vec4 0, 0, 32; draw_string_vec4
    %concat/vec4; draw_string_vec4
    %pushi/vec4 0, 0, 32; draw_string_vec4
    %concat/vec4; draw_string_vec4
    %pushi/vec4 0, 0, 32; draw_string_vec4
    %concat/vec4; draw_string_vec4
    %pushi/vec4 0, 0, 32; draw_string_vec4
    %concat/vec4; draw_string_vec4
    %pushi/vec4 0, 0, 32; draw_string_vec4
    %concat/vec4; draw_string_vec4
    %pushi/vec4 83, 0, 32; draw_string_vec4
    %concat/vec4; draw_string_vec4
    %pushi/vec4 1212761684, 0, 32; draw_string_vec4
    %concat/vec4; draw_string_vec4
    %pushi/vec4 1598309699, 0, 32; draw_string_vec4
    %concat/vec4; draw_string_vec4
    %store/vec4 v0x5c7160c79b90_0, 0, 320;
    %jmp T_17.6;
T_17.3 ;
    %pushi/vec4 0, 0, 32; draw_string_vec4
    %pushi/vec4 0, 0, 32; draw_string_vec4
    %concat/vec4; draw_string_vec4
    %pushi/vec4 0, 0, 32; draw_string_vec4
    %concat/vec4; draw_string_vec4
    %pushi/vec4 0, 0, 32; draw_string_vec4
    %concat/vec4; draw_string_vec4
    %pushi/vec4 0, 0, 32; draw_string_vec4
    %concat/vec4; draw_string_vec4
    %pushi/vec4 0, 0, 32; draw_string_vec4
    %concat/vec4; draw_string_vec4
    %pushi/vec4 0, 0, 32; draw_string_vec4
    %concat/vec4; draw_string_vec4
    %pushi/vec4 0, 0, 32; draw_string_vec4
    %concat/vec4; draw_string_vec4
    %pushi/vec4 0, 0, 32; draw_string_vec4
    %concat/vec4; draw_string_vec4
    %pushi/vec4 4277316, 0, 32; draw_string_vec4
    %concat/vec4; draw_string_vec4
    %store/vec4 v0x5c7160c79b90_0, 0, 320;
    %jmp T_17.6;
T_17.4 ;
    %pushi/vec4 0, 0, 32; draw_string_vec4
    %pushi/vec4 0, 0, 32; draw_string_vec4
    %concat/vec4; draw_string_vec4
    %pushi/vec4 0, 0, 32; draw_string_vec4
    %concat/vec4; draw_string_vec4
    %pushi/vec4 0, 0, 32; draw_string_vec4
    %concat/vec4; draw_string_vec4
    %pushi/vec4 0, 0, 32; draw_string_vec4
    %concat/vec4; draw_string_vec4
    %pushi/vec4 0, 0, 32; draw_string_vec4
    %concat/vec4; draw_string_vec4
    %pushi/vec4 0, 0, 32; draw_string_vec4
    %concat/vec4; draw_string_vec4
    %pushi/vec4 0, 0, 32; draw_string_vec4
    %concat/vec4; draw_string_vec4
    %pushi/vec4 5001025, 0, 32; draw_string_vec4
    %concat/vec4; draw_string_vec4
    %pushi/vec4 1147093298, 0, 32; draw_string_vec4
    %concat/vec4; draw_string_vec4
    %store/vec4 v0x5c7160c79b90_0, 0, 320;
    %jmp T_17.6;
T_17.5 ;
    %pushi/vec4 0, 0, 32; draw_string_vec4
    %pushi/vec4 0, 0, 32; draw_string_vec4
    %concat/vec4; draw_string_vec4
    %pushi/vec4 0, 0, 32; draw_string_vec4
    %concat/vec4; draw_string_vec4
    %pushi/vec4 0, 0, 32; draw_string_vec4
    %concat/vec4; draw_string_vec4
    %pushi/vec4 0, 0, 32; draw_string_vec4
    %concat/vec4; draw_string_vec4
    %pushi/vec4 0, 0, 32; draw_string_vec4
    %concat/vec4; draw_string_vec4
    %pushi/vec4 0, 0, 32; draw_string_vec4
    %concat/vec4; draw_string_vec4
    %pushi/vec4 0, 0, 32; draw_string_vec4
    %concat/vec4; draw_string_vec4
    %pushi/vec4 0, 0, 32; draw_string_vec4
    %concat/vec4; draw_string_vec4
    %pushi/vec4 1162757169, 0, 32; draw_string_vec4
    %concat/vec4; draw_string_vec4
    %store/vec4 v0x5c7160c79b90_0, 0, 320;
    %jmp T_17.6;
T_17.6 ;
    %pop/vec4 1;
    %jmp T_17;
    .thread T_17, $push;
    .scope S_0x5c7160c5b840;
T_18 ;
    %pushi/vec4 0, 0, 1;
    %store/vec4 v0x5c7160c7f220_0, 0, 1;
    %pushi/vec4 0, 0, 1;
    %store/vec4 v0x5c7160c7f5a0_0, 0, 1;
    %pushi/vec4 0, 0, 1;
    %store/vec4 v0x5c7160c7f690_0, 0, 1;
    %pushi/vec4 219017, 0, 20;
    %store/vec4 v0x5c7160c7f010_0, 0, 20;
    %end;
    .thread T_18;
    .scope S_0x5c7160c5b840;
T_19 ;
    %delay 0, 0;
T_19.0 ;
    %pushi/vec4 0, 0, 1;
    %store/vec4 v0x5c7160c7f220_0, 0, 1;
    %delay 10000, 0;
    %pushi/vec4 1, 0, 1;
    %store/vec4 v0x5c7160c7f220_0, 0, 1;
    %delay 10000, 0;
    %jmp T_19.0;
    %end;
    .thread T_19;
    .scope S_0x5c7160c5b840;
T_20 ;
    %wait E_0x5c7160c7a060;
    %pushi/vec4 1, 0, 1;
    %store/vec4 v0x5c7160c7f5a0_0, 0, 1;
    %wait E_0x5c7160c7a060;
    %pushi/vec4 0, 0, 1;
    %store/vec4 v0x5c7160c7f5a0_0, 0, 1;
    %wait E_0x5c7160c79230;
    %pushi/vec4 0, 0, 1;
    %store/vec4 v0x5c7160c7f690_0, 0, 1;
    %wait E_0x5c7160c79230;
    %pushi/vec4 1, 0, 1;
    %store/vec4 v0x5c7160c7f690_0, 0, 1;
    %pushi/vec4 0, 0, 21;
    %store/vec4 v0x5c7160c7f3b0_0, 0, 21;
T_20.0 ;
    %load/vec4 v0x5c7160c7f3b0_0;
    %pad/u 32;
    %cmpi/u 2, 0, 32;
    %jmp/0xz T_20.1, 5;
    %wait E_0x5c7160c79230;
    %load/vec4 v0x5c7160c7f3b0_0;
    %addi 1, 0, 21;
    %store/vec4 v0x5c7160c7f3b0_0, 0, 21;
    %jmp T_20.0;
T_20.1 ;
    %pushi/vec4 0, 0, 1;
    %store/vec4 v0x5c7160c7f690_0, 0, 1;
    %pushi/vec4 0, 0, 21;
    %store/vec4 v0x5c7160c7f3b0_0, 0, 21;
T_20.2 ;
    %load/vec4 v0x5c7160c7f3b0_0;
    %pad/u 32;
    %cmpi/u 17, 0, 32;
    %jmp/0xz T_20.3, 5;
    %wait E_0x5c7160c79230;
    %load/vec4 v0x5c7160c7f3b0_0;
    %addi 1, 0, 21;
    %store/vec4 v0x5c7160c7f3b0_0, 0, 21;
    %jmp T_20.2;
T_20.3 ;
    %end;
    .thread T_20;
    .scope S_0x5c7160c5b840;
T_21 ;
    %fork t_1, S_0x5c7160c20240;
    %jmp t_0;
    .scope S_0x5c7160c20240;
t_1 ;
    %vpi_call 2 49 "$dumpfile", "bcd2bin_TB.vcd" {0 0 0};
    %vpi_call 2 50 "$dumpvars", 32'sb11111111111111111111111111111111, S_0x5c7160c203d0 {0 0 0};
    %delay 2000000, 0;
    %vpi_call 2 51 "$finish" {0 0 0};
    %end;
    .scope S_0x5c7160c5b840;
t_0 %join;
    %end;
    .thread T_21;
# The file index is used to find the file name in the following table.
:file_names 10;
    "N/A";
    "<interactive>";
    "bcd2bin_TB.v";
    "bcd2bin.v";
    "add_sub_c2.v";
    "ctrl_b2b.v";
    "count.v";
    "mux2.v";
    "reg_msb.v";
    "rsr4.v";
